The system is: Linux - 3.8.0-25-generic - i686
Compiling the C compiler identification source file "CMakeCCompilerId.c" succeeded.
Compiler: /usr/bin/cc 
Build flags: 
Id flags: 

The output was:
0


Compilation of the C compiler identification source "CMakeCCompilerId.c" produced "a.out"

The C compiler identification is GNU, found in "/home/david/Dropbox/Tesis/3DLuis/simulador_DDR_NO_SHADERS/simulador_DDR_no_shaders/CMakeFiles/2.8.10.1/CompilerIdC/a.out"

Compiling the CXX compiler identification source file "CMakeCXXCompilerId.cpp" succeeded.
Compiler: /usr/bin/c++ 
Build flags: 
Id flags: 

The output was:
0


Compilation of the CXX compiler identification source "CMakeCXXCompilerId.cpp" produced "a.out"

The CXX compiler identification is GNU, found in "/home/david/Dropbox/Tesis/3DLuis/simulador_DDR_NO_SHADERS/simulador_DDR_no_shaders/CMakeFiles/2.8.10.1/CompilerIdCXX/a.out"

Determining if the C compiler works passed with the following output:
Change Dir: /home/david/Dropbox/Tesis/3DLuis/simulador_DDR_NO_SHADERS/simulador_DDR_no_shaders/CMakeFiles/CMakeTmp

Run Build Command:/usr/bin/make "cmTryCompileExec1812459996/fast"
/usr/bin/make -f CMakeFiles/cmTryCompileExec1812459996.dir/build.make CMakeFiles/cmTryCompileExec1812459996.dir/build
make[1]: Entering directory `/home/david/Dropbox/Tesis/3DLuis/simulador_DDR_NO_SHADERS/simulador_DDR_no_shaders/CMakeFiles/CMakeTmp'
/usr/bin/cmake -E cmake_progress_report /home/david/Dropbox/Tesis/3DLuis/simulador_DDR_NO_SHADERS/simulador_DDR_no_shaders/CMakeFiles/CMakeTmp/CMakeFiles 1
Building C object CMakeFiles/cmTryCompileExec1812459996.dir/testCCompiler.c.o
/usr/bin/cc    -o CMakeFiles/cmTryCompileExec1812459996.dir/testCCompiler.c.o   -c /home/david/Dropbox/Tesis/3DLuis/simulador_DDR_NO_SHADERS/simulador_DDR_no_shaders/CMakeFiles/CMakeTmp/testCCompiler.c
Linking C executable cmTryCompileExec1812459996
/usr/bin/cmake -E cmake_link_script CMakeFiles/cmTryCompileExec1812459996.dir/link.txt --verbose=1
/usr/bin/cc         CMakeFiles/cmTryCompileExec1812459996.dir/testCCompiler.c.o  -o cmTryCompileExec1812459996 -rdynamic 
make[1]: Leaving directory `/home/david/Dropbox/Tesis/3DLuis/simulador_DDR_NO_SHADERS/simulador_DDR_no_shaders/CMakeFiles/CMakeTmp'


Detecting C compiler ABI info compiled with the following output:
Change Dir: /home/david/Dropbox/Tesis/3DLuis/simulador_DDR_NO_SHADERS/simulador_DDR_no_shaders/CMakeFiles/CMakeTmp

Run Build Command:/usr/bin/make "cmTryCompileExec357828015/fast"
/usr/bin/make -f CMakeFiles/cmTryCompileExec357828015.dir/build.make CMakeFiles/cmTryCompileExec357828015.dir/build
make[1]: Entering directory `/home/david/Dropbox/Tesis/3DLuis/simulador_DDR_NO_SHADERS/simulador_DDR_no_shaders/CMakeFiles/CMakeTmp'
/usr/bin/cmake -E cmake_progress_report /home/david/Dropbox/Tesis/3DLuis/simulador_DDR_NO_SHADERS/simulador_DDR_no_shaders/CMakeFiles/CMakeTmp/CMakeFiles 1
Building C object CMakeFiles/cmTryCompileExec357828015.dir/CMakeCCompilerABI.c.o
/usr/bin/cc    -o CMakeFiles/cmTryCompileExec357828015.dir/CMakeCCompilerABI.c.o   -c /usr/share/cmake-2.8/Modules/CMakeCCompilerABI.c
Linking C executable cmTryCompileExec357828015
/usr/bin/cmake -E cmake_link_script CMakeFiles/cmTryCompileExec357828015.dir/link.txt --verbose=1
/usr/bin/cc       -v CMakeFiles/cmTryCompileExec357828015.dir/CMakeCCompilerABI.c.o  -o cmTryCompileExec357828015 -rdynamic  
Using built-in specs.
COLLECT_GCC=/usr/bin/cc
COLLECT_LTO_WRAPPER=/usr/lib/gcc/i686-linux-gnu/4.7/lto-wrapper
Target: i686-linux-gnu
Configured with: ../src/configure -v --with-pkgversion='Ubuntu/Linaro 4.7.3-1ubuntu1' --with-bugurl=file:///usr/share/doc/gcc-4.7/README.Bugs --enable-languages=c,c++,go,fortran,objc,obj-c++ --prefix=/usr --program-suffix=-4.7 --enable-shared --enable-linker-build-id --libexecdir=/usr/lib --without-included-gettext --enable-threads=posix --with-gxx-include-dir=/usr/include/c++/4.7 --libdir=/usr/lib --enable-nls --with-sysroot=/ --enable-clocale=gnu --enable-libstdcxx-debug --enable-libstdcxx-time=yes --enable-gnu-unique-object --enable-plugin --with-system-zlib --enable-objc-gc --enable-targets=all --with-cloog --enable-cloog-backend=ppl --disable-cloog-version-check --disable-ppl-version-check --enable-multiarch --disable-werror --with-arch-32=i686 --with-multilib-list=m32,m64,mx32 --with-tune=generic --enable-checking=release --build=i686-linux-gnu --host=i686-linux-gnu --target=i686-linux-gnu
Thread model: posix
gcc version 4.7.3 (Ubuntu/Linaro 4.7.3-1ubuntu1) 
COMPILER_PATH=/usr/lib/gcc/i686-linux-gnu/4.7/:/usr/lib/gcc/i686-linux-gnu/4.7/:/usr/lib/gcc/i686-linux-gnu/:/usr/lib/gcc/i686-linux-gnu/4.7/:/usr/lib/gcc/i686-linux-gnu/
LIBRARY_PATH=/usr/lib/gcc/i686-linux-gnu/4.7/:/usr/lib/gcc/i686-linux-gnu/4.7/../../../i386-linux-gnu/:/usr/lib/gcc/i686-linux-gnu/4.7/../../../../lib/:/lib/i386-linux-gnu/:/lib/../lib/:/usr/lib/i386-linux-gnu/:/usr/lib/../lib/:/usr/lib/gcc/i686-linux-gnu/4.7/../../../:/lib/:/usr/lib/
COLLECT_GCC_OPTIONS='-v' '-o' 'cmTryCompileExec357828015' '-rdynamic' '-mtune=generic' '-march=i686'
 /usr/lib/gcc/i686-linux-gnu/4.7/collect2 --sysroot=/ --build-id --eh-frame-hdr -m elf_i386 --hash-style=gnu --as-needed -export-dynamic -dynamic-linker /lib/ld-linux.so.2 -z relro -o cmTryCompileExec357828015 /usr/lib/gcc/i686-linux-gnu/4.7/../../../i386-linux-gnu/crt1.o /usr/lib/gcc/i686-linux-gnu/4.7/../../../i386-linux-gnu/crti.o /usr/lib/gcc/i686-linux-gnu/4.7/crtbegin.o -L/usr/lib/gcc/i686-linux-gnu/4.7 -L/usr/lib/gcc/i686-linux-gnu/4.7/../../../i386-linux-gnu -L/usr/lib/gcc/i686-linux-gnu/4.7/../../../../lib -L/lib/i386-linux-gnu -L/lib/../lib -L/usr/lib/i386-linux-gnu -L/usr/lib/../lib -L/usr/lib/gcc/i686-linux-gnu/4.7/../../.. CMakeFiles/cmTryCompileExec357828015.dir/CMakeCCompilerABI.c.o -lgcc --as-needed -lgcc_s --no-as-needed -lc -lgcc --as-needed -lgcc_s --no-as-needed /usr/lib/gcc/i686-linux-gnu/4.7/crtend.o /usr/lib/gcc/i686-linux-gnu/4.7/../../../i386-linux-gnu/crtn.o
make[1]: Leaving directory `/home/david/Dropbox/Tesis/3DLuis/simulador_DDR_NO_SHADERS/simulador_DDR_no_shaders/CMakeFiles/CMakeTmp'


Parsed C implicit link information from above output:
  link line regex: [^( *|.*[/\])(ld|ld|collect2)[^/\]*( |$)]
  ignore line: [Change Dir: /home/david/Dropbox/Tesis/3DLuis/simulador_DDR_NO_SHADERS/simulador_DDR_no_shaders/CMakeFiles/CMakeTmp]
  ignore line: []
  ignore line: [Run Build Command:/usr/bin/make "cmTryCompileExec357828015/fast"]
  ignore line: [/usr/bin/make -f CMakeFiles/cmTryCompileExec357828015.dir/build.make CMakeFiles/cmTryCompileExec357828015.dir/build]
  ignore line: [make[1]: Entering directory `/home/david/Dropbox/Tesis/3DLuis/simulador_DDR_NO_SHADERS/simulador_DDR_no_shaders/CMakeFiles/CMakeTmp']
  ignore line: [/usr/bin/cmake -E cmake_progress_report /home/david/Dropbox/Tesis/3DLuis/simulador_DDR_NO_SHADERS/simulador_DDR_no_shaders/CMakeFiles/CMakeTmp/CMakeFiles 1]
  ignore line: [Building C object CMakeFiles/cmTryCompileExec357828015.dir/CMakeCCompilerABI.c.o]
  ignore line: [/usr/bin/cc    -o CMakeFiles/cmTryCompileExec357828015.dir/CMakeCCompilerABI.c.o   -c /usr/share/cmake-2.8/Modules/CMakeCCompilerABI.c]
  ignore line: [Linking C executable cmTryCompileExec357828015]
  ignore line: [/usr/bin/cmake -E cmake_link_script CMakeFiles/cmTryCompileExec357828015.dir/link.txt --verbose=1]
  ignore line: [/usr/bin/cc       -v CMakeFiles/cmTryCompileExec357828015.dir/CMakeCCompilerABI.c.o  -o cmTryCompileExec357828015 -rdynamic  ]
  ignore line: [Using built-in specs.]
  ignore line: [COLLECT_GCC=/usr/bin/cc]
  ignore line: [COLLECT_LTO_WRAPPER=/usr/lib/gcc/i686-linux-gnu/4.7/lto-wrapper]
  ignore line: [Target: i686-linux-gnu]
  ignore line: [Configured with: ../src/configure -v --with-pkgversion='Ubuntu/Linaro 4.7.3-1ubuntu1' --with-bugurl=file:///usr/share/doc/gcc-4.7/README.Bugs --enable-languages=c,c++,go,fortran,objc,obj-c++ --prefix=/usr --program-suffix=-4.7 --enable-shared --enable-linker-build-id --libexecdir=/usr/lib --without-included-gettext --enable-threads=posix --with-gxx-include-dir=/usr/include/c++/4.7 --libdir=/usr/lib --enable-nls --with-sysroot=/ --enable-clocale=gnu --enable-libstdcxx-debug --enable-libstdcxx-time=yes --enable-gnu-unique-object --enable-plugin --with-system-zlib --enable-objc-gc --enable-targets=all --with-cloog --enable-cloog-backend=ppl --disable-cloog-version-check --disable-ppl-version-check --enable-multiarch --disable-werror --with-arch-32=i686 --with-multilib-list=m32,m64,mx32 --with-tune=generic --enable-checking=release --build=i686-linux-gnu --host=i686-linux-gnu --target=i686-linux-gnu]
  ignore line: [Thread model: posix]
  ignore line: [gcc version 4.7.3 (Ubuntu/Linaro 4.7.3-1ubuntu1) ]
  ignore line: [COMPILER_PATH=/usr/lib/gcc/i686-linux-gnu/4.7/:/usr/lib/gcc/i686-linux-gnu/4.7/:/usr/lib/gcc/i686-linux-gnu/:/usr/lib/gcc/i686-linux-gnu/4.7/:/usr/lib/gcc/i686-linux-gnu/]
  ignore line: [LIBRARY_PATH=/usr/lib/gcc/i686-linux-gnu/4.7/:/usr/lib/gcc/i686-linux-gnu/4.7/../../../i386-linux-gnu/:/usr/lib/gcc/i686-linux-gnu/4.7/../../../../lib/:/lib/i386-linux-gnu/:/lib/../lib/:/usr/lib/i386-linux-gnu/:/usr/lib/../lib/:/usr/lib/gcc/i686-linux-gnu/4.7/../../../:/lib/:/usr/lib/]
  ignore line: [COLLECT_GCC_OPTIONS='-v' '-o' 'cmTryCompileExec357828015' '-rdynamic' '-mtune=generic' '-march=i686']
  link line: [ /usr/lib/gcc/i686-linux-gnu/4.7/collect2 --sysroot=/ --build-id --eh-frame-hdr -m elf_i386 --hash-style=gnu --as-needed -export-dynamic -dynamic-linker /lib/ld-linux.so.2 -z relro -o cmTryCompileExec357828015 /usr/lib/gcc/i686-linux-gnu/4.7/../../../i386-linux-gnu/crt1.o /usr/lib/gcc/i686-linux-gnu/4.7/../../../i386-linux-gnu/crti.o /usr/lib/gcc/i686-linux-gnu/4.7/crtbegin.o -L/usr/lib/gcc/i686-linux-gnu/4.7 -L/usr/lib/gcc/i686-linux-gnu/4.7/../../../i386-linux-gnu -L/usr/lib/gcc/i686-linux-gnu/4.7/../../../../lib -L/lib/i386-linux-gnu -L/lib/../lib -L/usr/lib/i386-linux-gnu -L/usr/lib/../lib -L/usr/lib/gcc/i686-linux-gnu/4.7/../../.. CMakeFiles/cmTryCompileExec357828015.dir/CMakeCCompilerABI.c.o -lgcc --as-needed -lgcc_s --no-as-needed -lc -lgcc --as-needed -lgcc_s --no-as-needed /usr/lib/gcc/i686-linux-gnu/4.7/crtend.o /usr/lib/gcc/i686-linux-gnu/4.7/../../../i386-linux-gnu/crtn.o]
    arg [/usr/lib/gcc/i686-linux-gnu/4.7/collect2] ==> ignore
    arg [--sysroot=/] ==> ignore
    arg [--build-id] ==> ignore
    arg [--eh-frame-hdr] ==> ignore
    arg [-m] ==> ignore
    arg [elf_i386] ==> ignore
    arg [--hash-style=gnu] ==> ignore
    arg [--as-needed] ==> ignore
    arg [-export-dynamic] ==> ignore
    arg [-dynamic-linker] ==> ignore
    arg [/lib/ld-linux.so.2] ==> ignore
    arg [-zrelro] ==> ignore
    arg [-o] ==> ignore
    arg [cmTryCompileExec357828015] ==> ignore
    arg [/usr/lib/gcc/i686-linux-gnu/4.7/../../../i386-linux-gnu/crt1.o] ==> ignore
    arg [/usr/lib/gcc/i686-linux-gnu/4.7/../../../i386-linux-gnu/crti.o] ==> ignore
    arg [/usr/lib/gcc/i686-linux-gnu/4.7/crtbegin.o] ==> ignore
    arg [-L/usr/lib/gcc/i686-linux-gnu/4.7] ==> dir [/usr/lib/gcc/i686-linux-gnu/4.7]
    arg [-L/usr/lib/gcc/i686-linux-gnu/4.7/../../../i386-linux-gnu] ==> dir [/usr/lib/gcc/i686-linux-gnu/4.7/../../../i386-linux-gnu]
    arg [-L/usr/lib/gcc/i686-linux-gnu/4.7/../../../../lib] ==> dir [/usr/lib/gcc/i686-linux-gnu/4.7/../../../../lib]
    arg [-L/lib/i386-linux-gnu] ==> dir [/lib/i386-linux-gnu]
    arg [-L/lib/../lib] ==> dir [/lib/../lib]
    arg [-L/usr/lib/i386-linux-gnu] ==> dir [/usr/lib/i386-linux-gnu]
    arg [-L/usr/lib/../lib] ==> dir [/usr/lib/../lib]
    arg [-L/usr/lib/gcc/i686-linux-gnu/4.7/../../..] ==> dir [/usr/lib/gcc/i686-linux-gnu/4.7/../../..]
    arg [CMakeFiles/cmTryCompileExec357828015.dir/CMakeCCompilerABI.c.o] ==> ignore
    arg [-lgcc] ==> lib [gcc]
    arg [--as-needed] ==> ignore
    arg [-lgcc_s] ==> lib [gcc_s]
    arg [--no-as-needed] ==> ignore
    arg [-lc] ==> lib [c]
    arg [-lgcc] ==> lib [gcc]
    arg [--as-needed] ==> ignore
    arg [-lgcc_s] ==> lib [gcc_s]
    arg [--no-as-needed] ==> ignore
    arg [/usr/lib/gcc/i686-linux-gnu/4.7/crtend.o] ==> ignore
    arg [/usr/lib/gcc/i686-linux-gnu/4.7/../../../i386-linux-gnu/crtn.o] ==> ignore
  remove lib [gcc]
  remove lib [gcc_s]
  remove lib [gcc]
  remove lib [gcc_s]
  collapse dir [/usr/lib/gcc/i686-linux-gnu/4.7] ==> [/usr/lib/gcc/i686-linux-gnu/4.7]
  collapse dir [/usr/lib/gcc/i686-linux-gnu/4.7/../../../i386-linux-gnu] ==> [/usr/lib/i386-linux-gnu]
  collapse dir [/usr/lib/gcc/i686-linux-gnu/4.7/../../../../lib] ==> [/usr/lib]
  collapse dir [/lib/i386-linux-gnu] ==> [/lib/i386-linux-gnu]
  collapse dir [/lib/../lib] ==> [/lib]
  collapse dir [/usr/lib/i386-linux-gnu] ==> [/usr/lib/i386-linux-gnu]
  collapse dir [/usr/lib/../lib] ==> [/usr/lib]
  collapse dir [/usr/lib/gcc/i686-linux-gnu/4.7/../../..] ==> [/usr/lib]
  implicit libs: [c]
  implicit dirs: [/usr/lib/gcc/i686-linux-gnu/4.7;/usr/lib/i386-linux-gnu;/usr/lib;/lib/i386-linux-gnu;/lib]


Determining if the CXX compiler works passed with the following output:
Change Dir: /home/david/Dropbox/Tesis/3DLuis/simulador_DDR_NO_SHADERS/simulador_DDR_no_shaders/CMakeFiles/CMakeTmp

Run Build Command:/usr/bin/make "cmTryCompileExec1888680734/fast"
/usr/bin/make -f CMakeFiles/cmTryCompileExec1888680734.dir/build.make CMakeFiles/cmTryCompileExec1888680734.dir/build
make[1]: Entering directory `/home/david/Dropbox/Tesis/3DLuis/simulador_DDR_NO_SHADERS/simulador_DDR_no_shaders/CMakeFiles/CMakeTmp'
/usr/bin/cmake -E cmake_progress_report /home/david/Dropbox/Tesis/3DLuis/simulador_DDR_NO_SHADERS/simulador_DDR_no_shaders/CMakeFiles/CMakeTmp/CMakeFiles 1
Building CXX object CMakeFiles/cmTryCompileExec1888680734.dir/testCXXCompiler.cxx.o
/usr/bin/c++     -o CMakeFiles/cmTryCompileExec1888680734.dir/testCXXCompiler.cxx.o -c /home/david/Dropbox/Tesis/3DLuis/simulador_DDR_NO_SHADERS/simulador_DDR_no_shaders/CMakeFiles/CMakeTmp/testCXXCompiler.cxx
Linking CXX executable cmTryCompileExec1888680734
/usr/bin/cmake -E cmake_link_script CMakeFiles/cmTryCompileExec1888680734.dir/link.txt --verbose=1
/usr/bin/c++          CMakeFiles/cmTryCompileExec1888680734.dir/testCXXCompiler.cxx.o  -o cmTryCompileExec1888680734 -rdynamic 
make[1]: Leaving directory `/home/david/Dropbox/Tesis/3DLuis/simulador_DDR_NO_SHADERS/simulador_DDR_no_shaders/CMakeFiles/CMakeTmp'


Detecting CXX compiler ABI info compiled with the following output:
Change Dir: /home/david/Dropbox/Tesis/3DLuis/simulador_DDR_NO_SHADERS/simulador_DDR_no_shaders/CMakeFiles/CMakeTmp

Run Build Command:/usr/bin/make "cmTryCompileExec714568506/fast"
/usr/bin/make -f CMakeFiles/cmTryCompileExec714568506.dir/build.make CMakeFiles/cmTryCompileExec714568506.dir/build
make[1]: Entering directory `/home/david/Dropbox/Tesis/3DLuis/simulador_DDR_NO_SHADERS/simulador_DDR_no_shaders/CMakeFiles/CMakeTmp'
/usr/bin/cmake -E cmake_progress_report /home/david/Dropbox/Tesis/3DLuis/simulador_DDR_NO_SHADERS/simulador_DDR_no_shaders/CMakeFiles/CMakeTmp/CMakeFiles 1
Building CXX object CMakeFiles/cmTryCompileExec714568506.dir/CMakeCXXCompilerABI.cpp.o
/usr/bin/c++     -o CMakeFiles/cmTryCompileExec714568506.dir/CMakeCXXCompilerABI.cpp.o -c /usr/share/cmake-2.8/Modules/CMakeCXXCompilerABI.cpp
Linking CXX executable cmTryCompileExec714568506
/usr/bin/cmake -E cmake_link_script CMakeFiles/cmTryCompileExec714568506.dir/link.txt --verbose=1
/usr/bin/c++        -v CMakeFiles/cmTryCompileExec714568506.dir/CMakeCXXCompilerABI.cpp.o  -o cmTryCompileExec714568506 -rdynamic  
Using built-in specs.
COLLECT_GCC=/usr/bin/c++
COLLECT_LTO_WRAPPER=/usr/lib/gcc/i686-linux-gnu/4.7/lto-wrapper
Target: i686-linux-gnu
Configured with: ../src/configure -v --with-pkgversion='Ubuntu/Linaro 4.7.3-1ubuntu1' --with-bugurl=file:///usr/share/doc/gcc-4.7/README.Bugs --enable-languages=c,c++,go,fortran,objc,obj-c++ --prefix=/usr --program-suffix=-4.7 --enable-shared --enable-linker-build-id --libexecdir=/usr/lib --without-included-gettext --enable-threads=posix --with-gxx-include-dir=/usr/include/c++/4.7 --libdir=/usr/lib --enable-nls --with-sysroot=/ --enable-clocale=gnu --enable-libstdcxx-debug --enable-libstdcxx-time=yes --enable-gnu-unique-object --enable-plugin --with-system-zlib --enable-objc-gc --enable-targets=all --with-cloog --enable-cloog-backend=ppl --disable-cloog-version-check --disable-ppl-version-check --enable-multiarch --disable-werror --with-arch-32=i686 --with-multilib-list=m32,m64,mx32 --with-tune=generic --enable-checking=release --build=i686-linux-gnu --host=i686-linux-gnu --target=i686-linux-gnu
Thread model: posix
gcc version 4.7.3 (Ubuntu/Linaro 4.7.3-1ubuntu1) 
COMPILER_PATH=/usr/lib/gcc/i686-linux-gnu/4.7/:/usr/lib/gcc/i686-linux-gnu/4.7/:/usr/lib/gcc/i686-linux-gnu/:/usr/lib/gcc/i686-linux-gnu/4.7/:/usr/lib/gcc/i686-linux-gnu/
LIBRARY_PATH=/usr/lib/gcc/i686-linux-gnu/4.7/:/usr/lib/gcc/i686-linux-gnu/4.7/../../../i386-linux-gnu/:/usr/lib/gcc/i686-linux-gnu/4.7/../../../../lib/:/lib/i386-linux-gnu/:/lib/../lib/:/usr/lib/i386-linux-gnu/:/usr/lib/../lib/:/usr/lib/gcc/i686-linux-gnu/4.7/../../../:/lib/:/usr/lib/
COLLECT_GCC_OPTIONS='-v' '-o' 'cmTryCompileExec714568506' '-rdynamic' '-shared-libgcc' '-mtune=generic' '-march=i686'
 /usr/lib/gcc/i686-linux-gnu/4.7/collect2 --sysroot=/ --build-id --eh-frame-hdr -m elf_i386 --hash-style=gnu --as-needed -export-dynamic -dynamic-linker /lib/ld-linux.so.2 -z relro -o cmTryCompileExec714568506 /usr/lib/gcc/i686-linux-gnu/4.7/../../../i386-linux-gnu/crt1.o /usr/lib/gcc/i686-linux-gnu/4.7/../../../i386-linux-gnu/crti.o /usr/lib/gcc/i686-linux-gnu/4.7/crtbegin.o -L/usr/lib/gcc/i686-linux-gnu/4.7 -L/usr/lib/gcc/i686-linux-gnu/4.7/../../../i386-linux-gnu -L/usr/lib/gcc/i686-linux-gnu/4.7/../../../../lib -L/lib/i386-linux-gnu -L/lib/../lib -L/usr/lib/i386-linux-gnu -L/usr/lib/../lib -L/usr/lib/gcc/i686-linux-gnu/4.7/../../.. CMakeFiles/cmTryCompileExec714568506.dir/CMakeCXXCompilerABI.cpp.o -lstdc++ -lm -lgcc_s -lgcc -lc -lgcc_s -lgcc /usr/lib/gcc/i686-linux-gnu/4.7/crtend.o /usr/lib/gcc/i686-linux-gnu/4.7/../../../i386-linux-gnu/crtn.o
make[1]: Leaving directory `/home/david/Dropbox/Tesis/3DLuis/simulador_DDR_NO_SHADERS/simulador_DDR_no_shaders/CMakeFiles/CMakeTmp'


Parsed CXX implicit link information from above output:
  link line regex: [^( *|.*[/\])(ld|ld|collect2)[^/\]*( |$)]
  ignore line: [Change Dir: /home/david/Dropbox/Tesis/3DLuis/simulador_DDR_NO_SHADERS/simulador_DDR_no_shaders/CMakeFiles/CMakeTmp]
  ignore line: []
  ignore line: [Run Build Command:/usr/bin/make "cmTryCompileExec714568506/fast"]
  ignore line: [/usr/bin/make -f CMakeFiles/cmTryCompileExec714568506.dir/build.make CMakeFiles/cmTryCompileExec714568506.dir/build]
  ignore line: [make[1]: Entering directory `/home/david/Dropbox/Tesis/3DLuis/simulador_DDR_NO_SHADERS/simulador_DDR_no_shaders/CMakeFiles/CMakeTmp']
  ignore line: [/usr/bin/cmake -E cmake_progress_report /home/david/Dropbox/Tesis/3DLuis/simulador_DDR_NO_SHADERS/simulador_DDR_no_shaders/CMakeFiles/CMakeTmp/CMakeFiles 1]
  ignore line: [Building CXX object CMakeFiles/cmTryCompileExec714568506.dir/CMakeCXXCompilerABI.cpp.o]
  ignore line: [/usr/bin/c++     -o CMakeFiles/cmTryCompileExec714568506.dir/CMakeCXXCompilerABI.cpp.o -c /usr/share/cmake-2.8/Modules/CMakeCXXCompilerABI.cpp]
  ignore line: [Linking CXX executable cmTryCompileExec714568506]
  ignore line: [/usr/bin/cmake -E cmake_link_script CMakeFiles/cmTryCompileExec714568506.dir/link.txt --verbose=1]
  ignore line: [/usr/bin/c++        -v CMakeFiles/cmTryCompileExec714568506.dir/CMakeCXXCompilerABI.cpp.o  -o cmTryCompileExec714568506 -rdynamic  ]
  ignore line: [Using built-in specs.]
  ignore line: [COLLECT_GCC=/usr/bin/c++]
  ignore line: [COLLECT_LTO_WRAPPER=/usr/lib/gcc/i686-linux-gnu/4.7/lto-wrapper]
  ignore line: [Target: i686-linux-gnu]
  ignore line: [Configured with: ../src/configure -v --with-pkgversion='Ubuntu/Linaro 4.7.3-1ubuntu1' --with-bugurl=file:///usr/share/doc/gcc-4.7/README.Bugs --enable-languages=c,c++,go,fortran,objc,obj-c++ --prefix=/usr --program-suffix=-4.7 --enable-shared --enable-linker-build-id --libexecdir=/usr/lib --without-included-gettext --enable-threads=posix --with-gxx-include-dir=/usr/include/c++/4.7 --libdir=/usr/lib --enable-nls --with-sysroot=/ --enable-clocale=gnu --enable-libstdcxx-debug --enable-libstdcxx-time=yes --enable-gnu-unique-object --enable-plugin --with-system-zlib --enable-objc-gc --enable-targets=all --with-cloog --enable-cloog-backend=ppl --disable-cloog-version-check --disable-ppl-version-check --enable-multiarch --disable-werror --with-arch-32=i686 --with-multilib-list=m32,m64,mx32 --with-tune=generic --enable-checking=release --build=i686-linux-gnu --host=i686-linux-gnu --target=i686-linux-gnu]
  ignore line: [Thread model: posix]
  ignore line: [gcc version 4.7.3 (Ubuntu/Linaro 4.7.3-1ubuntu1) ]
  ignore line: [COMPILER_PATH=/usr/lib/gcc/i686-linux-gnu/4.7/:/usr/lib/gcc/i686-linux-gnu/4.7/:/usr/lib/gcc/i686-linux-gnu/:/usr/lib/gcc/i686-linux-gnu/4.7/:/usr/lib/gcc/i686-linux-gnu/]
  ignore line: [LIBRARY_PATH=/usr/lib/gcc/i686-linux-gnu/4.7/:/usr/lib/gcc/i686-linux-gnu/4.7/../../../i386-linux-gnu/:/usr/lib/gcc/i686-linux-gnu/4.7/../../../../lib/:/lib/i386-linux-gnu/:/lib/../lib/:/usr/lib/i386-linux-gnu/:/usr/lib/../lib/:/usr/lib/gcc/i686-linux-gnu/4.7/../../../:/lib/:/usr/lib/]
  ignore line: [COLLECT_GCC_OPTIONS='-v' '-o' 'cmTryCompileExec714568506' '-rdynamic' '-shared-libgcc' '-mtune=generic' '-march=i686']
  link line: [ /usr/lib/gcc/i686-linux-gnu/4.7/collect2 --sysroot=/ --build-id --eh-frame-hdr -m elf_i386 --hash-style=gnu --as-needed -export-dynamic -dynamic-linker /lib/ld-linux.so.2 -z relro -o cmTryCompileExec714568506 /usr/lib/gcc/i686-linux-gnu/4.7/../../../i386-linux-gnu/crt1.o /usr/lib/gcc/i686-linux-gnu/4.7/../../../i386-linux-gnu/crti.o /usr/lib/gcc/i686-linux-gnu/4.7/crtbegin.o -L/usr/lib/gcc/i686-linux-gnu/4.7 -L/usr/lib/gcc/i686-linux-gnu/4.7/../../../i386-linux-gnu -L/usr/lib/gcc/i686-linux-gnu/4.7/../../../../lib -L/lib/i386-linux-gnu -L/lib/../lib -L/usr/lib/i386-linux-gnu -L/usr/lib/../lib -L/usr/lib/gcc/i686-linux-gnu/4.7/../../.. CMakeFiles/cmTryCompileExec714568506.dir/CMakeCXXCompilerABI.cpp.o -lstdc++ -lm -lgcc_s -lgcc -lc -lgcc_s -lgcc /usr/lib/gcc/i686-linux-gnu/4.7/crtend.o /usr/lib/gcc/i686-linux-gnu/4.7/../../../i386-linux-gnu/crtn.o]
    arg [/usr/lib/gcc/i686-linux-gnu/4.7/collect2] ==> ignore
    arg [--sysroot=/] ==> ignore
    arg [--build-id] ==> ignore
    arg [--eh-frame-hdr] ==> ignore
    arg [-m] ==> ignore
    arg [elf_i386] ==> ignore
    arg [--hash-style=gnu] ==> ignore
    arg [--as-needed] ==> ignore
    arg [-export-dynamic] ==> ignore
    arg [-dynamic-linker] ==> ignore
    arg [/lib/ld-linux.so.2] ==> ignore
    arg [-zrelro] ==> ignore
    arg [-o] ==> ignore
    arg [cmTryCompileExec714568506] ==> ignore
    arg [/usr/lib/gcc/i686-linux-gnu/4.7/../../../i386-linux-gnu/crt1.o] ==> ignore
    arg [/usr/lib/gcc/i686-linux-gnu/4.7/../../../i386-linux-gnu/crti.o] ==> ignore
    arg [/usr/lib/gcc/i686-linux-gnu/4.7/crtbegin.o] ==> ignore
    arg [-L/usr/lib/gcc/i686-linux-gnu/4.7] ==> dir [/usr/lib/gcc/i686-linux-gnu/4.7]
    arg [-L/usr/lib/gcc/i686-linux-gnu/4.7/../../../i386-linux-gnu] ==> dir [/usr/lib/gcc/i686-linux-gnu/4.7/../../../i386-linux-gnu]
    arg [-L/usr/lib/gcc/i686-linux-gnu/4.7/../../../../lib] ==> dir [/usr/lib/gcc/i686-linux-gnu/4.7/../../../../lib]
    arg [-L/lib/i386-linux-gnu] ==> dir [/lib/i386-linux-gnu]
    arg [-L/lib/../lib] ==> dir [/lib/../lib]
    arg [-L/usr/lib/i386-linux-gnu] ==> dir [/usr/lib/i386-linux-gnu]
    arg [-L/usr/lib/../lib] ==> dir [/usr/lib/../lib]
    arg [-L/usr/lib/gcc/i686-linux-gnu/4.7/../../..] ==> dir [/usr/lib/gcc/i686-linux-gnu/4.7/../../..]
    arg [CMakeFiles/cmTryCompileExec714568506.dir/CMakeCXXCompilerABI.cpp.o] ==> ignore
    arg [-lstdc++] ==> lib [stdc++]
    arg [-lm] ==> lib [m]
    arg [-lgcc_s] ==> lib [gcc_s]
    arg [-lgcc] ==> lib [gcc]
    arg [-lc] ==> lib [c]
    arg [-lgcc_s] ==> lib [gcc_s]
    arg [-lgcc] ==> lib [gcc]
    arg [/usr/lib/gcc/i686-linux-gnu/4.7/crtend.o] ==> ignore
    arg [/usr/lib/gcc/i686-linux-gnu/4.7/../../../i386-linux-gnu/crtn.o] ==> ignore
  remove lib [gcc_s]
  remove lib [gcc]
  remove lib [gcc_s]
  remove lib [gcc]
  collapse dir [/usr/lib/gcc/i686-linux-gnu/4.7] ==> [/usr/lib/gcc/i686-linux-gnu/4.7]
  collapse dir [/usr/lib/gcc/i686-linux-gnu/4.7/../../../i386-linux-gnu] ==> [/usr/lib/i386-linux-gnu]
  collapse dir [/usr/lib/gcc/i686-linux-gnu/4.7/../../../../lib] ==> [/usr/lib]
  collapse dir [/lib/i386-linux-gnu] ==> [/lib/i386-linux-gnu]
  collapse dir [/lib/../lib] ==> [/lib]
  collapse dir [/usr/lib/i386-linux-gnu] ==> [/usr/lib/i386-linux-gnu]
  collapse dir [/usr/lib/../lib] ==> [/usr/lib]
  collapse dir [/usr/lib/gcc/i686-linux-gnu/4.7/../../..] ==> [/usr/lib]
  implicit libs: [stdc++;m;c]
  implicit dirs: [/usr/lib/gcc/i686-linux-gnu/4.7;/usr/lib/i386-linux-gnu;/usr/lib;/lib/i386-linux-gnu;/lib]


Determining if the function XOpenDisplay exists in the /usr/lib/i386-linux-gnu/libX11.so;/usr/lib/i386-linux-gnu/libXext.so passed with the following output:
Change Dir: /home/david/Dropbox/Tesis/3DLuis/simulador_DDR_NO_SHADERS/simulador_DDR_no_shaders/CMakeFiles/CMakeTmp

Run Build Command:/usr/bin/make "cmTryCompileExec1073892261/fast"
/usr/bin/make -f CMakeFiles/cmTryCompileExec1073892261.dir/build.make CMakeFiles/cmTryCompileExec1073892261.dir/build
make[1]: Entering directory `/home/david/Dropbox/Tesis/3DLuis/simulador_DDR_NO_SHADERS/simulador_DDR_no_shaders/CMakeFiles/CMakeTmp'
/usr/bin/cmake -E cmake_progress_report /home/david/Dropbox/Tesis/3DLuis/simulador_DDR_NO_SHADERS/simulador_DDR_no_shaders/CMakeFiles/CMakeTmp/CMakeFiles 1
Building C object CMakeFiles/cmTryCompileExec1073892261.dir/CheckFunctionExists.c.o
/usr/bin/cc   -DCHECK_FUNCTION_EXISTS=XOpenDisplay   -o CMakeFiles/cmTryCompileExec1073892261.dir/CheckFunctionExists.c.o   -c /usr/share/cmake-2.8/Modules/CheckFunctionExists.c
Linking C executable cmTryCompileExec1073892261
/usr/bin/cmake -E cmake_link_script CMakeFiles/cmTryCompileExec1073892261.dir/link.txt --verbose=1
/usr/bin/cc     -DCHECK_FUNCTION_EXISTS=XOpenDisplay    CMakeFiles/cmTryCompileExec1073892261.dir/CheckFunctionExists.c.o  -o cmTryCompileExec1073892261 -rdynamic -lX11 -lXext 
make[1]: Leaving directory `/home/david/Dropbox/Tesis/3DLuis/simulador_DDR_NO_SHADERS/simulador_DDR_no_shaders/CMakeFiles/CMakeTmp'


Determining if the function gethostbyname exists passed with the following output:
Change Dir: /home/david/Dropbox/Tesis/3DLuis/simulador_DDR_NO_SHADERS/simulador_DDR_no_shaders/CMakeFiles/CMakeTmp

Run Build Command:/usr/bin/make "cmTryCompileExec398762018/fast"
/usr/bin/make -f CMakeFiles/cmTryCompileExec398762018.dir/build.make CMakeFiles/cmTryCompileExec398762018.dir/build
make[1]: Entering directory `/home/david/Dropbox/Tesis/3DLuis/simulador_DDR_NO_SHADERS/simulador_DDR_no_shaders/CMakeFiles/CMakeTmp'
/usr/bin/cmake -E cmake_progress_report /home/david/Dropbox/Tesis/3DLuis/simulador_DDR_NO_SHADERS/simulador_DDR_no_shaders/CMakeFiles/CMakeTmp/CMakeFiles 1
Building C object CMakeFiles/cmTryCompileExec398762018.dir/CheckFunctionExists.c.o
/usr/bin/cc   -DCHECK_FUNCTION_EXISTS=gethostbyname   -o CMakeFiles/cmTryCompileExec398762018.dir/CheckFunctionExists.c.o   -c /usr/share/cmake-2.8/Modules/CheckFunctionExists.c
Linking C executable cmTryCompileExec398762018
/usr/bin/cmake -E cmake_link_script CMakeFiles/cmTryCompileExec398762018.dir/link.txt --verbose=1
/usr/bin/cc     -DCHECK_FUNCTION_EXISTS=gethostbyname    CMakeFiles/cmTryCompileExec398762018.dir/CheckFunctionExists.c.o  -o cmTryCompileExec398762018 -rdynamic 
make[1]: Leaving directory `/home/david/Dropbox/Tesis/3DLuis/simulador_DDR_NO_SHADERS/simulador_DDR_no_shaders/CMakeFiles/CMakeTmp'


Determining if the function connect exists passed with the following output:
Change Dir: /home/david/Dropbox/Tesis/3DLuis/simulador_DDR_NO_SHADERS/simulador_DDR_no_shaders/CMakeFiles/CMakeTmp

Run Build Command:/usr/bin/make "cmTryCompileExec3807137416/fast"
/usr/bin/make -f CMakeFiles/cmTryCompileExec3807137416.dir/build.make CMakeFiles/cmTryCompileExec3807137416.dir/build
make[1]: Entering directory `/home/david/Dropbox/Tesis/3DLuis/simulador_DDR_NO_SHADERS/simulador_DDR_no_shaders/CMakeFiles/CMakeTmp'
/usr/bin/cmake -E cmake_progress_report /home/david/Dropbox/Tesis/3DLuis/simulador_DDR_NO_SHADERS/simulador_DDR_no_shaders/CMakeFiles/CMakeTmp/CMakeFiles 1
Building C object CMakeFiles/cmTryCompileExec3807137416.dir/CheckFunctionExists.c.o
/usr/bin/cc   -DCHECK_FUNCTION_EXISTS=connect   -o CMakeFiles/cmTryCompileExec3807137416.dir/CheckFunctionExists.c.o   -c /usr/share/cmake-2.8/Modules/CheckFunctionExists.c
Linking C executable cmTryCompileExec3807137416
/usr/bin/cmake -E cmake_link_script CMakeFiles/cmTryCompileExec3807137416.dir/link.txt --verbose=1
/usr/bin/cc     -DCHECK_FUNCTION_EXISTS=connect    CMakeFiles/cmTryCompileExec3807137416.dir/CheckFunctionExists.c.o  -o cmTryCompileExec3807137416 -rdynamic 
make[1]: Leaving directory `/home/david/Dropbox/Tesis/3DLuis/simulador_DDR_NO_SHADERS/simulador_DDR_no_shaders/CMakeFiles/CMakeTmp'


Determining if the function remove exists passed with the following output:
Change Dir: /home/david/Dropbox/Tesis/3DLuis/simulador_DDR_NO_SHADERS/simulador_DDR_no_shaders/CMakeFiles/CMakeTmp

Run Build Command:/usr/bin/make "cmTryCompileExec2012371052/fast"
/usr/bin/make -f CMakeFiles/cmTryCompileExec2012371052.dir/build.make CMakeFiles/cmTryCompileExec2012371052.dir/build
make[1]: Entering directory `/home/david/Dropbox/Tesis/3DLuis/simulador_DDR_NO_SHADERS/simulador_DDR_no_shaders/CMakeFiles/CMakeTmp'
/usr/bin/cmake -E cmake_progress_report /home/david/Dropbox/Tesis/3DLuis/simulador_DDR_NO_SHADERS/simulador_DDR_no_shaders/CMakeFiles/CMakeTmp/CMakeFiles 1
Building C object CMakeFiles/cmTryCompileExec2012371052.dir/CheckFunctionExists.c.o
/usr/bin/cc   -DCHECK_FUNCTION_EXISTS=remove   -o CMakeFiles/cmTryCompileExec2012371052.dir/CheckFunctionExists.c.o   -c /usr/share/cmake-2.8/Modules/CheckFunctionExists.c
Linking C executable cmTryCompileExec2012371052
/usr/bin/cmake -E cmake_link_script CMakeFiles/cmTryCompileExec2012371052.dir/link.txt --verbose=1
/usr/bin/cc     -DCHECK_FUNCTION_EXISTS=remove    CMakeFiles/cmTryCompileExec2012371052.dir/CheckFunctionExists.c.o  -o cmTryCompileExec2012371052 -rdynamic 
make[1]: Leaving directory `/home/david/Dropbox/Tesis/3DLuis/simulador_DDR_NO_SHADERS/simulador_DDR_no_shaders/CMakeFiles/CMakeTmp'


Determining if the function shmat exists passed with the following output:
Change Dir: /home/david/Dropbox/Tesis/3DLuis/simulador_DDR_NO_SHADERS/simulador_DDR_no_shaders/CMakeFiles/CMakeTmp

Run Build Command:/usr/bin/make "cmTryCompileExec951889263/fast"
/usr/bin/make -f CMakeFiles/cmTryCompileExec951889263.dir/build.make CMakeFiles/cmTryCompileExec951889263.dir/build
make[1]: Entering directory `/home/david/Dropbox/Tesis/3DLuis/simulador_DDR_NO_SHADERS/simulador_DDR_no_shaders/CMakeFiles/CMakeTmp'
/usr/bin/cmake -E cmake_progress_report /home/david/Dropbox/Tesis/3DLuis/simulador_DDR_NO_SHADERS/simulador_DDR_no_shaders/CMakeFiles/CMakeTmp/CMakeFiles 1
Building C object CMakeFiles/cmTryCompileExec951889263.dir/CheckFunctionExists.c.o
/usr/bin/cc   -DCHECK_FUNCTION_EXISTS=shmat   -o CMakeFiles/cmTryCompileExec951889263.dir/CheckFunctionExists.c.o   -c /usr/share/cmake-2.8/Modules/CheckFunctionExists.c
Linking C executable cmTryCompileExec951889263
/usr/bin/cmake -E cmake_link_script CMakeFiles/cmTryCompileExec951889263.dir/link.txt --verbose=1
/usr/bin/cc     -DCHECK_FUNCTION_EXISTS=shmat    CMakeFiles/cmTryCompileExec951889263.dir/CheckFunctionExists.c.o  -o cmTryCompileExec951889263 -rdynamic 
make[1]: Leaving directory `/home/david/Dropbox/Tesis/3DLuis/simulador_DDR_NO_SHADERS/simulador_DDR_no_shaders/CMakeFiles/CMakeTmp'


Determining if the function IceConnectionNumber exists in the ICE passed with the following output:
Change Dir: /home/david/Dropbox/Tesis/3DLuis/simulador_DDR_NO_SHADERS/simulador_DDR_no_shaders/CMakeFiles/CMakeTmp

Run Build Command:/usr/bin/make "cmTryCompileExec3889304197/fast"
/usr/bin/make -f CMakeFiles/cmTryCompileExec3889304197.dir/build.make CMakeFiles/cmTryCompileExec3889304197.dir/build
make[1]: Entering directory `/home/david/Dropbox/Tesis/3DLuis/simulador_DDR_NO_SHADERS/simulador_DDR_no_shaders/CMakeFiles/CMakeTmp'
/usr/bin/cmake -E cmake_progress_report /home/david/Dropbox/Tesis/3DLuis/simulador_DDR_NO_SHADERS/simulador_DDR_no_shaders/CMakeFiles/CMakeTmp/CMakeFiles 1
Building C object CMakeFiles/cmTryCompileExec3889304197.dir/CheckFunctionExists.c.o
/usr/bin/cc   -DCHECK_FUNCTION_EXISTS=IceConnectionNumber   -o CMakeFiles/cmTryCompileExec3889304197.dir/CheckFunctionExists.c.o   -c /usr/share/cmake-2.8/Modules/CheckFunctionExists.c
Linking C executable cmTryCompileExec3889304197
/usr/bin/cmake -E cmake_link_script CMakeFiles/cmTryCompileExec3889304197.dir/link.txt --verbose=1
/usr/bin/cc     -DCHECK_FUNCTION_EXISTS=IceConnectionNumber    CMakeFiles/cmTryCompileExec3889304197.dir/CheckFunctionExists.c.o  -o cmTryCompileExec3889304197 -rdynamic -lICE 
make[1]: Leaving directory `/home/david/Dropbox/Tesis/3DLuis/simulador_DDR_NO_SHADERS/simulador_DDR_no_shaders/CMakeFiles/CMakeTmp'


Determining if files pthread.h exist passed with the following output:
Change Dir: /home/david/Dropbox/Tesis/3DLuis/simulador_DDR_NO_SHADERS/simulador_DDR_no_shaders/CMakeFiles/CMakeTmp

Run Build Command:/usr/bin/make "cmTryCompileExec3894305467/fast"
/usr/bin/make -f CMakeFiles/cmTryCompileExec3894305467.dir/build.make CMakeFiles/cmTryCompileExec3894305467.dir/build
make[1]: Entering directory `/home/david/Dropbox/Tesis/3DLuis/simulador_DDR_NO_SHADERS/simulador_DDR_no_shaders/CMakeFiles/CMakeTmp'
/usr/bin/cmake -E cmake_progress_report /home/david/Dropbox/Tesis/3DLuis/simulador_DDR_NO_SHADERS/simulador_DDR_no_shaders/CMakeFiles/CMakeTmp/CMakeFiles 1
Building C object CMakeFiles/cmTryCompileExec3894305467.dir/CheckIncludeFiles.c.o
/usr/bin/cc    -o CMakeFiles/cmTryCompileExec3894305467.dir/CheckIncludeFiles.c.o   -c /home/david/Dropbox/Tesis/3DLuis/simulador_DDR_NO_SHADERS/simulador_DDR_no_shaders/CMakeFiles/CMakeTmp/CheckIncludeFiles.c
Linking C executable cmTryCompileExec3894305467
/usr/bin/cmake -E cmake_link_script CMakeFiles/cmTryCompileExec3894305467.dir/link.txt --verbose=1
/usr/bin/cc         CMakeFiles/cmTryCompileExec3894305467.dir/CheckIncludeFiles.c.o  -o cmTryCompileExec3894305467 -rdynamic 
make[1]: Leaving directory `/home/david/Dropbox/Tesis/3DLuis/simulador_DDR_NO_SHADERS/simulador_DDR_no_shaders/CMakeFiles/CMakeTmp'


Determining if the function pthread_create exists in the pthread passed with the following output:
Change Dir: /home/david/Dropbox/Tesis/3DLuis/simulador_DDR_NO_SHADERS/simulador_DDR_no_shaders/CMakeFiles/CMakeTmp

Run Build Command:/usr/bin/make "cmTryCompileExec34762625/fast"
/usr/bin/make -f CMakeFiles/cmTryCompileExec34762625.dir/build.make CMakeFiles/cmTryCompileExec34762625.dir/build
make[1]: Entering directory `/home/david/Dropbox/Tesis/3DLuis/simulador_DDR_NO_SHADERS/simulador_DDR_no_shaders/CMakeFiles/CMakeTmp'
/usr/bin/cmake -E cmake_progress_report /home/david/Dropbox/Tesis/3DLuis/simulador_DDR_NO_SHADERS/simulador_DDR_no_shaders/CMakeFiles/CMakeTmp/CMakeFiles 1
Building C object CMakeFiles/cmTryCompileExec34762625.dir/CheckFunctionExists.c.o
/usr/bin/cc   -DCHECK_FUNCTION_EXISTS=pthread_create   -o CMakeFiles/cmTryCompileExec34762625.dir/CheckFunctionExists.c.o   -c /usr/share/cmake-2.8/Modules/CheckFunctionExists.c
Linking C executable cmTryCompileExec34762625
/usr/bin/cmake -E cmake_link_script CMakeFiles/cmTryCompileExec34762625.dir/link.txt --verbose=1
/usr/bin/cc     -DCHECK_FUNCTION_EXISTS=pthread_create    CMakeFiles/cmTryCompileExec34762625.dir/CheckFunctionExists.c.o  -o cmTryCompileExec34762625 -rdynamic -lpthread 
make[1]: Leaving directory `/home/david/Dropbox/Tesis/3DLuis/simulador_DDR_NO_SHADERS/simulador_DDR_no_shaders/CMakeFiles/CMakeTmp'


Determining if the function XOpenDisplay exists in the /usr/lib/i386-linux-gnu/libX11.so;/usr/lib/i386-linux-gnu/libXext.so passed with the following output:
Change Dir: /home/david/Dropbox/Tesis/3DLuis/simulador_DDR_NO_SHADERS/simulador_full_opengl/CMakeFiles/CMakeTmp

Run Build Command:/usr/bin/make "cmTryCompileExec1149519253/fast"
/usr/bin/make -f CMakeFiles/cmTryCompileExec1149519253.dir/build.make CMakeFiles/cmTryCompileExec1149519253.dir/build
make[1]: Entering directory `/home/david/Dropbox/Tesis/3DLuis/simulador_DDR_NO_SHADERS/simulador_full_opengl/CMakeFiles/CMakeTmp'
/usr/bin/cmake -E cmake_progress_report /home/david/Dropbox/Tesis/3DLuis/simulador_DDR_NO_SHADERS/simulador_full_opengl/CMakeFiles/CMakeTmp/CMakeFiles 1
Building C object CMakeFiles/cmTryCompileExec1149519253.dir/CheckFunctionExists.c.o
/usr/bin/cc   -DCHECK_FUNCTION_EXISTS=XOpenDisplay   -o CMakeFiles/cmTryCompileExec1149519253.dir/CheckFunctionExists.c.o   -c /usr/share/cmake-2.8/Modules/CheckFunctionExists.c
Linking C executable cmTryCompileExec1149519253
/usr/bin/cmake -E cmake_link_script CMakeFiles/cmTryCompileExec1149519253.dir/link.txt --verbose=1
/usr/bin/cc     -DCHECK_FUNCTION_EXISTS=XOpenDisplay    CMakeFiles/cmTryCompileExec1149519253.dir/CheckFunctionExists.c.o  -o cmTryCompileExec1149519253 -rdynamic -lX11 -lXext 
make[1]: Leaving directory `/home/david/Dropbox/Tesis/3DLuis/simulador_DDR_NO_SHADERS/simulador_full_opengl/CMakeFiles/CMakeTmp'


Determining if the function gethostbyname exists passed with the following output:
Change Dir: /home/david/Dropbox/Tesis/3DLuis/simulador_DDR_NO_SHADERS/simulador_full_opengl/CMakeFiles/CMakeTmp

Run Build Command:/usr/bin/make "cmTryCompileExec1288137698/fast"
/usr/bin/make -f CMakeFiles/cmTryCompileExec1288137698.dir/build.make CMakeFiles/cmTryCompileExec1288137698.dir/build
make[1]: Entering directory `/home/david/Dropbox/Tesis/3DLuis/simulador_DDR_NO_SHADERS/simulador_full_opengl/CMakeFiles/CMakeTmp'
/usr/bin/cmake -E cmake_progress_report /home/david/Dropbox/Tesis/3DLuis/simulador_DDR_NO_SHADERS/simulador_full_opengl/CMakeFiles/CMakeTmp/CMakeFiles 1
Building C object CMakeFiles/cmTryCompileExec1288137698.dir/CheckFunctionExists.c.o
/usr/bin/cc   -DCHECK_FUNCTION_EXISTS=gethostbyname   -o CMakeFiles/cmTryCompileExec1288137698.dir/CheckFunctionExists.c.o   -c /usr/share/cmake-2.8/Modules/CheckFunctionExists.c
Linking C executable cmTryCompileExec1288137698
/usr/bin/cmake -E cmake_link_script CMakeFiles/cmTryCompileExec1288137698.dir/link.txt --verbose=1
/usr/bin/cc     -DCHECK_FUNCTION_EXISTS=gethostbyname    CMakeFiles/cmTryCompileExec1288137698.dir/CheckFunctionExists.c.o  -o cmTryCompileExec1288137698 -rdynamic 
make[1]: Leaving directory `/home/david/Dropbox/Tesis/3DLuis/simulador_DDR_NO_SHADERS/simulador_full_opengl/CMakeFiles/CMakeTmp'


Determining if the function connect exists passed with the following output:
Change Dir: /home/david/Dropbox/Tesis/3DLuis/simulador_DDR_NO_SHADERS/simulador_full_opengl/CMakeFiles/CMakeTmp

Run Build Command:/usr/bin/make "cmTryCompileExec153538005/fast"
/usr/bin/make -f CMakeFiles/cmTryCompileExec153538005.dir/build.make CMakeFiles/cmTryCompileExec153538005.dir/build
make[1]: Entering directory `/home/david/Dropbox/Tesis/3DLuis/simulador_DDR_NO_SHADERS/simulador_full_opengl/CMakeFiles/CMakeTmp'
/usr/bin/cmake -E cmake_progress_report /home/david/Dropbox/Tesis/3DLuis/simulador_DDR_NO_SHADERS/simulador_full_opengl/CMakeFiles/CMakeTmp/CMakeFiles 1
Building C object CMakeFiles/cmTryCompileExec153538005.dir/CheckFunctionExists.c.o
/usr/bin/cc   -DCHECK_FUNCTION_EXISTS=connect   -o CMakeFiles/cmTryCompileExec153538005.dir/CheckFunctionExists.c.o   -c /usr/share/cmake-2.8/Modules/CheckFunctionExists.c
Linking C executable cmTryCompileExec153538005
/usr/bin/cmake -E cmake_link_script CMakeFiles/cmTryCompileExec153538005.dir/link.txt --verbose=1
/usr/bin/cc     -DCHECK_FUNCTION_EXISTS=connect    CMakeFiles/cmTryCompileExec153538005.dir/CheckFunctionExists.c.o  -o cmTryCompileExec153538005 -rdynamic 
make[1]: Leaving directory `/home/david/Dropbox/Tesis/3DLuis/simulador_DDR_NO_SHADERS/simulador_full_opengl/CMakeFiles/CMakeTmp'


Determining if the function remove exists passed with the following output:
Change Dir: /home/david/Dropbox/Tesis/3DLuis/simulador_DDR_NO_SHADERS/simulador_full_opengl/CMakeFiles/CMakeTmp

Run Build Command:/usr/bin/make "cmTryCompileExec3661296508/fast"
/usr/bin/make -f CMakeFiles/cmTryCompileExec3661296508.dir/build.make CMakeFiles/cmTryCompileExec3661296508.dir/build
make[1]: Entering directory `/home/david/Dropbox/Tesis/3DLuis/simulador_DDR_NO_SHADERS/simulador_full_opengl/CMakeFiles/CMakeTmp'
/usr/bin/cmake -E cmake_progress_report /home/david/Dropbox/Tesis/3DLuis/simulador_DDR_NO_SHADERS/simulador_full_opengl/CMakeFiles/CMakeTmp/CMakeFiles 1
Building C object CMakeFiles/cmTryCompileExec3661296508.dir/CheckFunctionExists.c.o
/usr/bin/cc   -DCHECK_FUNCTION_EXISTS=remove   -o CMakeFiles/cmTryCompileExec3661296508.dir/CheckFunctionExists.c.o   -c /usr/share/cmake-2.8/Modules/CheckFunctionExists.c
Linking C executable cmTryCompileExec3661296508
/usr/bin/cmake -E cmake_link_script CMakeFiles/cmTryCompileExec3661296508.dir/link.txt --verbose=1
/usr/bin/cc     -DCHECK_FUNCTION_EXISTS=remove    CMakeFiles/cmTryCompileExec3661296508.dir/CheckFunctionExists.c.o  -o cmTryCompileExec3661296508 -rdynamic 
make[1]: Leaving directory `/home/david/Dropbox/Tesis/3DLuis/simulador_DDR_NO_SHADERS/simulador_full_opengl/CMakeFiles/CMakeTmp'


Determining if the function shmat exists passed with the following output:
Change Dir: /home/david/Dropbox/Tesis/3DLuis/simulador_DDR_NO_SHADERS/simulador_full_opengl/CMakeFiles/CMakeTmp

Run Build Command:/usr/bin/make "cmTryCompileExec414669349/fast"
/usr/bin/make -f CMakeFiles/cmTryCompileExec414669349.dir/build.make CMakeFiles/cmTryCompileExec414669349.dir/build
make[1]: Entering directory `/home/david/Dropbox/Tesis/3DLuis/simulador_DDR_NO_SHADERS/simulador_full_opengl/CMakeFiles/CMakeTmp'
/usr/bin/cmake -E cmake_progress_report /home/david/Dropbox/Tesis/3DLuis/simulador_DDR_NO_SHADERS/simulador_full_opengl/CMakeFiles/CMakeTmp/CMakeFiles 1
Building C object CMakeFiles/cmTryCompileExec414669349.dir/CheckFunctionExists.c.o
/usr/bin/cc   -DCHECK_FUNCTION_EXISTS=shmat   -o CMakeFiles/cmTryCompileExec414669349.dir/CheckFunctionExists.c.o   -c /usr/share/cmake-2.8/Modules/CheckFunctionExists.c
Linking C executable cmTryCompileExec414669349
/usr/bin/cmake -E cmake_link_script CMakeFiles/cmTryCompileExec414669349.dir/link.txt --verbose=1
/usr/bin/cc     -DCHECK_FUNCTION_EXISTS=shmat    CMakeFiles/cmTryCompileExec414669349.dir/CheckFunctionExists.c.o  -o cmTryCompileExec414669349 -rdynamic 
make[1]: Leaving directory `/home/david/Dropbox/Tesis/3DLuis/simulador_DDR_NO_SHADERS/simulador_full_opengl/CMakeFiles/CMakeTmp'


Determining if the function IceConnectionNumber exists in the ICE passed with the following output:
Change Dir: /home/david/Dropbox/Tesis/3DLuis/simulador_DDR_NO_SHADERS/simulador_full_opengl/CMakeFiles/CMakeTmp

Run Build Command:/usr/bin/make "cmTryCompileExec77455050/fast"
/usr/bin/make -f CMakeFiles/cmTryCompileExec77455050.dir/build.make CMakeFiles/cmTryCompileExec77455050.dir/build
make[1]: Entering directory `/home/david/Dropbox/Tesis/3DLuis/simulador_DDR_NO_SHADERS/simulador_full_opengl/CMakeFiles/CMakeTmp'
/usr/bin/cmake -E cmake_progress_report /home/david/Dropbox/Tesis/3DLuis/simulador_DDR_NO_SHADERS/simulador_full_opengl/CMakeFiles/CMakeTmp/CMakeFiles 1
Building C object CMakeFiles/cmTryCompileExec77455050.dir/CheckFunctionExists.c.o
/usr/bin/cc   -DCHECK_FUNCTION_EXISTS=IceConnectionNumber   -o CMakeFiles/cmTryCompileExec77455050.dir/CheckFunctionExists.c.o   -c /usr/share/cmake-2.8/Modules/CheckFunctionExists.c
Linking C executable cmTryCompileExec77455050
/usr/bin/cmake -E cmake_link_script CMakeFiles/cmTryCompileExec77455050.dir/link.txt --verbose=1
/usr/bin/cc     -DCHECK_FUNCTION_EXISTS=IceConnectionNumber    CMakeFiles/cmTryCompileExec77455050.dir/CheckFunctionExists.c.o  -o cmTryCompileExec77455050 -rdynamic -lICE 
make[1]: Leaving directory `/home/david/Dropbox/Tesis/3DLuis/simulador_DDR_NO_SHADERS/simulador_full_opengl/CMakeFiles/CMakeTmp'


Determining if files pthread.h exist passed with the following output:
Change Dir: /home/david/Dropbox/Tesis/3DLuis/simulador_DDR_NO_SHADERS/simulador_full_opengl/CMakeFiles/CMakeTmp

Run Build Command:/usr/bin/make "cmTryCompileExec3484343706/fast"
/usr/bin/make -f CMakeFiles/cmTryCompileExec3484343706.dir/build.make CMakeFiles/cmTryCompileExec3484343706.dir/build
make[1]: Entering directory `/home/david/Dropbox/Tesis/3DLuis/simulador_DDR_NO_SHADERS/simulador_full_opengl/CMakeFiles/CMakeTmp'
/usr/bin/cmake -E cmake_progress_report /home/david/Dropbox/Tesis/3DLuis/simulador_DDR_NO_SHADERS/simulador_full_opengl/CMakeFiles/CMakeTmp/CMakeFiles 1
Building C object CMakeFiles/cmTryCompileExec3484343706.dir/CheckIncludeFiles.c.o
/usr/bin/cc    -o CMakeFiles/cmTryCompileExec3484343706.dir/CheckIncludeFiles.c.o   -c /home/david/Dropbox/Tesis/3DLuis/simulador_DDR_NO_SHADERS/simulador_full_opengl/CMakeFiles/CMakeTmp/CheckIncludeFiles.c
Linking C executable cmTryCompileExec3484343706
/usr/bin/cmake -E cmake_link_script CMakeFiles/cmTryCompileExec3484343706.dir/link.txt --verbose=1
/usr/bin/cc         CMakeFiles/cmTryCompileExec3484343706.dir/CheckIncludeFiles.c.o  -o cmTryCompileExec3484343706 -rdynamic 
make[1]: Leaving directory `/home/david/Dropbox/Tesis/3DLuis/simulador_DDR_NO_SHADERS/simulador_full_opengl/CMakeFiles/CMakeTmp'


Determining if the function pthread_create exists in the pthread passed with the following output:
Change Dir: /home/david/Dropbox/Tesis/3DLuis/simulador_DDR_NO_SHADERS/simulador_full_opengl/CMakeFiles/CMakeTmp

Run Build Command:/usr/bin/make "cmTryCompileExec3238346605/fast"
/usr/bin/make -f CMakeFiles/cmTryCompileExec3238346605.dir/build.make CMakeFiles/cmTryCompileExec3238346605.dir/build
make[1]: Entering directory `/home/david/Dropbox/Tesis/3DLuis/simulador_DDR_NO_SHADERS/simulador_full_opengl/CMakeFiles/CMakeTmp'
/usr/bin/cmake -E cmake_progress_report /home/david/Dropbox/Tesis/3DLuis/simulador_DDR_NO_SHADERS/simulador_full_opengl/CMakeFiles/CMakeTmp/CMakeFiles 1
Building C object CMakeFiles/cmTryCompileExec3238346605.dir/CheckFunctionExists.c.o
/usr/bin/cc   -DCHECK_FUNCTION_EXISTS=pthread_create   -o CMakeFiles/cmTryCompileExec3238346605.dir/CheckFunctionExists.c.o   -c /usr/share/cmake-2.8/Modules/CheckFunctionExists.c
Linking C executable cmTryCompileExec3238346605
/usr/bin/cmake -E cmake_link_script CMakeFiles/cmTryCompileExec3238346605.dir/link.txt --verbose=1
/usr/bin/cc     -DCHECK_FUNCTION_EXISTS=pthread_create    CMakeFiles/cmTryCompileExec3238346605.dir/CheckFunctionExists.c.o  -o cmTryCompileExec3238346605 -rdynamic -lpthread 
make[1]: Leaving directory `/home/david/Dropbox/Tesis/3DLuis/simulador_DDR_NO_SHADERS/simulador_full_opengl/CMakeFiles/CMakeTmp'


Determining if the function XOpenDisplay exists in the /usr/lib/i386-linux-gnu/libX11.so;/usr/lib/i386-linux-gnu/libXext.so passed with the following output:
Change Dir: /home/david/Dropbox/Tesis/3DLuis/simulador_DDR_NO_SHADERS/simulador_full_openglv.2/CMakeFiles/CMakeTmp

Run Build Command:/usr/bin/make "cmTryCompileExec4091466647/fast"
/usr/bin/make -f CMakeFiles/cmTryCompileExec4091466647.dir/build.make CMakeFiles/cmTryCompileExec4091466647.dir/build
make[1]: Entering directory `/home/david/Dropbox/Tesis/3DLuis/simulador_DDR_NO_SHADERS/simulador_full_openglv.2/CMakeFiles/CMakeTmp'
/usr/bin/cmake -E cmake_progress_report /home/david/Dropbox/Tesis/3DLuis/simulador_DDR_NO_SHADERS/simulador_full_openglv.2/CMakeFiles/CMakeTmp/CMakeFiles 1
Building C object CMakeFiles/cmTryCompileExec4091466647.dir/CheckFunctionExists.c.o
/usr/bin/cc   -DCHECK_FUNCTION_EXISTS=XOpenDisplay   -o CMakeFiles/cmTryCompileExec4091466647.dir/CheckFunctionExists.c.o   -c /usr/share/cmake-2.8/Modules/CheckFunctionExists.c
Linking C executable cmTryCompileExec4091466647
/usr/bin/cmake -E cmake_link_script CMakeFiles/cmTryCompileExec4091466647.dir/link.txt --verbose=1
/usr/bin/cc     -DCHECK_FUNCTION_EXISTS=XOpenDisplay    CMakeFiles/cmTryCompileExec4091466647.dir/CheckFunctionExists.c.o  -o cmTryCompileExec4091466647 -rdynamic -lX11 -lXext 
make[1]: Leaving directory `/home/david/Dropbox/Tesis/3DLuis/simulador_DDR_NO_SHADERS/simulador_full_openglv.2/CMakeFiles/CMakeTmp'


Determining if the function gethostbyname exists passed with the following output:
Change Dir: /home/david/Dropbox/Tesis/3DLuis/simulador_DDR_NO_SHADERS/simulador_full_openglv.2/CMakeFiles/CMakeTmp

Run Build Command:/usr/bin/make "cmTryCompileExec3749889807/fast"
/usr/bin/make -f CMakeFiles/cmTryCompileExec3749889807.dir/build.make CMakeFiles/cmTryCompileExec3749889807.dir/build
make[1]: Entering directory `/home/david/Dropbox/Tesis/3DLuis/simulador_DDR_NO_SHADERS/simulador_full_openglv.2/CMakeFiles/CMakeTmp'
/usr/bin/cmake -E cmake_progress_report /home/david/Dropbox/Tesis/3DLuis/simulador_DDR_NO_SHADERS/simulador_full_openglv.2/CMakeFiles/CMakeTmp/CMakeFiles 1
Building C object CMakeFiles/cmTryCompileExec3749889807.dir/CheckFunctionExists.c.o
/usr/bin/cc   -DCHECK_FUNCTION_EXISTS=gethostbyname   -o CMakeFiles/cmTryCompileExec3749889807.dir/CheckFunctionExists.c.o   -c /usr/share/cmake-2.8/Modules/CheckFunctionExists.c
Linking C executable cmTryCompileExec3749889807
/usr/bin/cmake -E cmake_link_script CMakeFiles/cmTryCompileExec3749889807.dir/link.txt --verbose=1
/usr/bin/cc     -DCHECK_FUNCTION_EXISTS=gethostbyname    CMakeFiles/cmTryCompileExec3749889807.dir/CheckFunctionExists.c.o  -o cmTryCompileExec3749889807 -rdynamic 
make[1]: Leaving directory `/home/david/Dropbox/Tesis/3DLuis/simulador_DDR_NO_SHADERS/simulador_full_openglv.2/CMakeFiles/CMakeTmp'


Determining if the function connect exists passed with the following output:
Change Dir: /home/david/Dropbox/Tesis/3DLuis/simulador_DDR_NO_SHADERS/simulador_full_openglv.2/CMakeFiles/CMakeTmp

Run Build Command:/usr/bin/make "cmTryCompileExec690791624/fast"
/usr/bin/make -f CMakeFiles/cmTryCompileExec690791624.dir/build.make CMakeFiles/cmTryCompileExec690791624.dir/build
make[1]: Entering directory `/home/david/Dropbox/Tesis/3DLuis/simulador_DDR_NO_SHADERS/simulador_full_openglv.2/CMakeFiles/CMakeTmp'
/usr/bin/cmake -E cmake_progress_report /home/david/Dropbox/Tesis/3DLuis/simulador_DDR_NO_SHADERS/simulador_full_openglv.2/CMakeFiles/CMakeTmp/CMakeFiles 1
Building C object CMakeFiles/cmTryCompileExec690791624.dir/CheckFunctionExists.c.o
/usr/bin/cc   -DCHECK_FUNCTION_EXISTS=connect   -o CMakeFiles/cmTryCompileExec690791624.dir/CheckFunctionExists.c.o   -c /usr/share/cmake-2.8/Modules/CheckFunctionExists.c
Linking C executable cmTryCompileExec690791624
/usr/bin/cmake -E cmake_link_script CMakeFiles/cmTryCompileExec690791624.dir/link.txt --verbose=1
/usr/bin/cc     -DCHECK_FUNCTION_EXISTS=connect    CMakeFiles/cmTryCompileExec690791624.dir/CheckFunctionExists.c.o  -o cmTryCompileExec690791624 -rdynamic 
make[1]: Leaving directory `/home/david/Dropbox/Tesis/3DLuis/simulador_DDR_NO_SHADERS/simulador_full_openglv.2/CMakeFiles/CMakeTmp'


Determining if the function remove exists passed with the following output:
Change Dir: /home/david/Dropbox/Tesis/3DLuis/simulador_DDR_NO_SHADERS/simulador_full_openglv.2/CMakeFiles/CMakeTmp

Run Build Command:/usr/bin/make "cmTryCompileExec733771019/fast"
/usr/bin/make -f CMakeFiles/cmTryCompileExec733771019.dir/build.make CMakeFiles/cmTryCompileExec733771019.dir/build
make[1]: Entering directory `/home/david/Dropbox/Tesis/3DLuis/simulador_DDR_NO_SHADERS/simulador_full_openglv.2/CMakeFiles/CMakeTmp'
/usr/bin/cmake -E cmake_progress_report /home/david/Dropbox/Tesis/3DLuis/simulador_DDR_NO_SHADERS/simulador_full_openglv.2/CMakeFiles/CMakeTmp/CMakeFiles 1
Building C object CMakeFiles/cmTryCompileExec733771019.dir/CheckFunctionExists.c.o
/usr/bin/cc   -DCHECK_FUNCTION_EXISTS=remove   -o CMakeFiles/cmTryCompileExec733771019.dir/CheckFunctionExists.c.o   -c /usr/share/cmake-2.8/Modules/CheckFunctionExists.c
Linking C executable cmTryCompileExec733771019
/usr/bin/cmake -E cmake_link_script CMakeFiles/cmTryCompileExec733771019.dir/link.txt --verbose=1
/usr/bin/cc     -DCHECK_FUNCTION_EXISTS=remove    CMakeFiles/cmTryCompileExec733771019.dir/CheckFunctionExists.c.o  -o cmTryCompileExec733771019 -rdynamic 
make[1]: Leaving directory `/home/david/Dropbox/Tesis/3DLuis/simulador_DDR_NO_SHADERS/simulador_full_openglv.2/CMakeFiles/CMakeTmp'


Determining if the function shmat exists passed with the following output:
Change Dir: /home/david/Dropbox/Tesis/3DLuis/simulador_DDR_NO_SHADERS/simulador_full_openglv.2/CMakeFiles/CMakeTmp

Run Build Command:/usr/bin/make "cmTryCompileExec2428018125/fast"
/usr/bin/make -f CMakeFiles/cmTryCompileExec2428018125.dir/build.make CMakeFiles/cmTryCompileExec2428018125.dir/build
make[1]: Entering directory `/home/david/Dropbox/Tesis/3DLuis/simulador_DDR_NO_SHADERS/simulador_full_openglv.2/CMakeFiles/CMakeTmp'
/usr/bin/cmake -E cmake_progress_report /home/david/Dropbox/Tesis/3DLuis/simulador_DDR_NO_SHADERS/simulador_full_openglv.2/CMakeFiles/CMakeTmp/CMakeFiles 1
Building C object CMakeFiles/cmTryCompileExec2428018125.dir/CheckFunctionExists.c.o
/usr/bin/cc   -DCHECK_FUNCTION_EXISTS=shmat   -o CMakeFiles/cmTryCompileExec2428018125.dir/CheckFunctionExists.c.o   -c /usr/share/cmake-2.8/Modules/CheckFunctionExists.c
Linking C executable cmTryCompileExec2428018125
/usr/bin/cmake -E cmake_link_script CMakeFiles/cmTryCompileExec2428018125.dir/link.txt --verbose=1
/usr/bin/cc     -DCHECK_FUNCTION_EXISTS=shmat    CMakeFiles/cmTryCompileExec2428018125.dir/CheckFunctionExists.c.o  -o cmTryCompileExec2428018125 -rdynamic 
make[1]: Leaving directory `/home/david/Dropbox/Tesis/3DLuis/simulador_DDR_NO_SHADERS/simulador_full_openglv.2/CMakeFiles/CMakeTmp'


Determining if the function IceConnectionNumber exists in the ICE passed with the following output:
Change Dir: /home/david/Dropbox/Tesis/3DLuis/simulador_DDR_NO_SHADERS/simulador_full_openglv.2/CMakeFiles/CMakeTmp

Run Build Command:/usr/bin/make "cmTryCompileExec2748925910/fast"
/usr/bin/make -f CMakeFiles/cmTryCompileExec2748925910.dir/build.make CMakeFiles/cmTryCompileExec2748925910.dir/build
make[1]: Entering directory `/home/david/Dropbox/Tesis/3DLuis/simulador_DDR_NO_SHADERS/simulador_full_openglv.2/CMakeFiles/CMakeTmp'
/usr/bin/cmake -E cmake_progress_report /home/david/Dropbox/Tesis/3DLuis/simulador_DDR_NO_SHADERS/simulador_full_openglv.2/CMakeFiles/CMakeTmp/CMakeFiles 1
Building C object CMakeFiles/cmTryCompileExec2748925910.dir/CheckFunctionExists.c.o
/usr/bin/cc   -DCHECK_FUNCTION_EXISTS=IceConnectionNumber   -o CMakeFiles/cmTryCompileExec2748925910.dir/CheckFunctionExists.c.o   -c /usr/share/cmake-2.8/Modules/CheckFunctionExists.c
Linking C executable cmTryCompileExec2748925910
/usr/bin/cmake -E cmake_link_script CMakeFiles/cmTryCompileExec2748925910.dir/link.txt --verbose=1
/usr/bin/cc     -DCHECK_FUNCTION_EXISTS=IceConnectionNumber    CMakeFiles/cmTryCompileExec2748925910.dir/CheckFunctionExists.c.o  -o cmTryCompileExec2748925910 -rdynamic -lICE 
make[1]: Leaving directory `/home/david/Dropbox/Tesis/3DLuis/simulador_DDR_NO_SHADERS/simulador_full_openglv.2/CMakeFiles/CMakeTmp'


Determining if files pthread.h exist passed with the following output:
Change Dir: /home/david/Dropbox/Tesis/3DLuis/simulador_DDR_NO_SHADERS/simulador_full_openglv.2/CMakeFiles/CMakeTmp

Run Build Command:/usr/bin/make "cmTryCompileExec309023902/fast"
/usr/bin/make -f CMakeFiles/cmTryCompileExec309023902.dir/build.make CMakeFiles/cmTryCompileExec309023902.dir/build
make[1]: Entering directory `/home/david/Dropbox/Tesis/3DLuis/simulador_DDR_NO_SHADERS/simulador_full_openglv.2/CMakeFiles/CMakeTmp'
/usr/bin/cmake -E cmake_progress_report /home/david/Dropbox/Tesis/3DLuis/simulador_DDR_NO_SHADERS/simulador_full_openglv.2/CMakeFiles/CMakeTmp/CMakeFiles 1
Building C object CMakeFiles/cmTryCompileExec309023902.dir/CheckIncludeFiles.c.o
/usr/bin/cc    -o CMakeFiles/cmTryCompileExec309023902.dir/CheckIncludeFiles.c.o   -c /home/david/Dropbox/Tesis/3DLuis/simulador_DDR_NO_SHADERS/simulador_full_openglv.2/CMakeFiles/CMakeTmp/CheckIncludeFiles.c
Linking C executable cmTryCompileExec309023902
/usr/bin/cmake -E cmake_link_script CMakeFiles/cmTryCompileExec309023902.dir/link.txt --verbose=1
/usr/bin/cc         CMakeFiles/cmTryCompileExec309023902.dir/CheckIncludeFiles.c.o  -o cmTryCompileExec309023902 -rdynamic 
make[1]: Leaving directory `/home/david/Dropbox/Tesis/3DLuis/simulador_DDR_NO_SHADERS/simulador_full_openglv.2/CMakeFiles/CMakeTmp'


Determining if the function pthread_create exists in the pthread passed with the following output:
Change Dir: /home/david/Dropbox/Tesis/3DLuis/simulador_DDR_NO_SHADERS/simulador_full_openglv.2/CMakeFiles/CMakeTmp

Run Build Command:/usr/bin/make "cmTryCompileExec271488027/fast"
/usr/bin/make -f CMakeFiles/cmTryCompileExec271488027.dir/build.make CMakeFiles/cmTryCompileExec271488027.dir/build
make[1]: Entering directory `/home/david/Dropbox/Tesis/3DLuis/simulador_DDR_NO_SHADERS/simulador_full_openglv.2/CMakeFiles/CMakeTmp'
/usr/bin/cmake -E cmake_progress_report /home/david/Dropbox/Tesis/3DLuis/simulador_DDR_NO_SHADERS/simulador_full_openglv.2/CMakeFiles/CMakeTmp/CMakeFiles 1
Building C object CMakeFiles/cmTryCompileExec271488027.dir/CheckFunctionExists.c.o
/usr/bin/cc   -DCHECK_FUNCTION_EXISTS=pthread_create   -o CMakeFiles/cmTryCompileExec271488027.dir/CheckFunctionExists.c.o   -c /usr/share/cmake-2.8/Modules/CheckFunctionExists.c
Linking C executable cmTryCompileExec271488027
/usr/bin/cmake -E cmake_link_script CMakeFiles/cmTryCompileExec271488027.dir/link.txt --verbose=1
/usr/bin/cc     -DCHECK_FUNCTION_EXISTS=pthread_create    CMakeFiles/cmTryCompileExec271488027.dir/CheckFunctionExists.c.o  -o cmTryCompileExec271488027 -rdynamic -lpthread 
make[1]: Leaving directory `/home/david/Dropbox/Tesis/3DLuis/simulador_DDR_NO_SHADERS/simulador_full_openglv.2/CMakeFiles/CMakeTmp'


Determining if the function XOpenDisplay exists in the /usr/lib/i386-linux-gnu/libX11.so;/usr/lib/i386-linux-gnu/libXext.so passed with the following output:
Change Dir: /home/david/Dropbox/Tesis/3DLuis/simulador_DDR_NO_SHADERS/simulador_full_openglv.3/CMakeFiles/CMakeTmp

Run Build Command:/usr/bin/make "cmTryCompileExec292676171/fast"
/usr/bin/make -f CMakeFiles/cmTryCompileExec292676171.dir/build.make CMakeFiles/cmTryCompileExec292676171.dir/build
make[1]: Entering directory `/home/david/Dropbox/Tesis/3DLuis/simulador_DDR_NO_SHADERS/simulador_full_openglv.3/CMakeFiles/CMakeTmp'
/usr/bin/cmake -E cmake_progress_report /home/david/Dropbox/Tesis/3DLuis/simulador_DDR_NO_SHADERS/simulador_full_openglv.3/CMakeFiles/CMakeTmp/CMakeFiles 1
Building C object CMakeFiles/cmTryCompileExec292676171.dir/CheckFunctionExists.c.o
/usr/bin/cc   -DCHECK_FUNCTION_EXISTS=XOpenDisplay   -o CMakeFiles/cmTryCompileExec292676171.dir/CheckFunctionExists.c.o   -c /usr/share/cmake-2.8/Modules/CheckFunctionExists.c
Linking C executable cmTryCompileExec292676171
/usr/bin/cmake -E cmake_link_script CMakeFiles/cmTryCompileExec292676171.dir/link.txt --verbose=1
/usr/bin/cc     -DCHECK_FUNCTION_EXISTS=XOpenDisplay    CMakeFiles/cmTryCompileExec292676171.dir/CheckFunctionExists.c.o  -o cmTryCompileExec292676171 -rdynamic -lX11 -lXext 
make[1]: Leaving directory `/home/david/Dropbox/Tesis/3DLuis/simulador_DDR_NO_SHADERS/simulador_full_openglv.3/CMakeFiles/CMakeTmp'


Determining if the function gethostbyname exists passed with the following output:
Change Dir: /home/david/Dropbox/Tesis/3DLuis/simulador_DDR_NO_SHADERS/simulador_full_openglv.3/CMakeFiles/CMakeTmp

Run Build Command:/usr/bin/make "cmTryCompileExec3979313082/fast"
/usr/bin/make -f CMakeFiles/cmTryCompileExec3979313082.dir/build.make CMakeFiles/cmTryCompileExec3979313082.dir/build
make[1]: Entering directory `/home/david/Dropbox/Tesis/3DLuis/simulador_DDR_NO_SHADERS/simulador_full_openglv.3/CMakeFiles/CMakeTmp'
/usr/bin/cmake -E cmake_progress_report /home/david/Dropbox/Tesis/3DLuis/simulador_DDR_NO_SHADERS/simulador_full_openglv.3/CMakeFiles/CMakeTmp/CMakeFiles 1
Building C object CMakeFiles/cmTryCompileExec3979313082.dir/CheckFunctionExists.c.o
/usr/bin/cc   -DCHECK_FUNCTION_EXISTS=gethostbyname   -o CMakeFiles/cmTryCompileExec3979313082.dir/CheckFunctionExists.c.o   -c /usr/share/cmake-2.8/Modules/CheckFunctionExists.c
Linking C executable cmTryCompileExec3979313082
/usr/bin/cmake -E cmake_link_script CMakeFiles/cmTryCompileExec3979313082.dir/link.txt --verbose=1
/usr/bin/cc     -DCHECK_FUNCTION_EXISTS=gethostbyname    CMakeFiles/cmTryCompileExec3979313082.dir/CheckFunctionExists.c.o  -o cmTryCompileExec3979313082 -rdynamic 
make[1]: Leaving directory `/home/david/Dropbox/Tesis/3DLuis/simulador_DDR_NO_SHADERS/simulador_full_openglv.3/CMakeFiles/CMakeTmp'


Determining if the function connect exists passed with the following output:
Change Dir: /home/david/Dropbox/Tesis/3DLuis/simulador_DDR_NO_SHADERS/simulador_full_openglv.3/CMakeFiles/CMakeTmp

Run Build Command:/usr/bin/make "cmTryCompileExec3259061768/fast"
/usr/bin/make -f CMakeFiles/cmTryCompileExec3259061768.dir/build.make CMakeFiles/cmTryCompileExec3259061768.dir/build
make[1]: Entering directory `/home/david/Dropbox/Tesis/3DLuis/simulador_DDR_NO_SHADERS/simulador_full_openglv.3/CMakeFiles/CMakeTmp'
/usr/bin/cmake -E cmake_progress_report /home/david/Dropbox/Tesis/3DLuis/simulador_DDR_NO_SHADERS/simulador_full_openglv.3/CMakeFiles/CMakeTmp/CMakeFiles 1
Building C object CMakeFiles/cmTryCompileExec3259061768.dir/CheckFunctionExists.c.o
/usr/bin/cc   -DCHECK_FUNCTION_EXISTS=connect   -o CMakeFiles/cmTryCompileExec3259061768.dir/CheckFunctionExists.c.o   -c /usr/share/cmake-2.8/Modules/CheckFunctionExists.c
Linking C executable cmTryCompileExec3259061768
/usr/bin/cmake -E cmake_link_script CMakeFiles/cmTryCompileExec3259061768.dir/link.txt --verbose=1
/usr/bin/cc     -DCHECK_FUNCTION_EXISTS=connect    CMakeFiles/cmTryCompileExec3259061768.dir/CheckFunctionExists.c.o  -o cmTryCompileExec3259061768 -rdynamic 
make[1]: Leaving directory `/home/david/Dropbox/Tesis/3DLuis/simulador_DDR_NO_SHADERS/simulador_full_openglv.3/CMakeFiles/CMakeTmp'


Determining if the function remove exists passed with the following output:
Change Dir: /home/david/Dropbox/Tesis/3DLuis/simulador_DDR_NO_SHADERS/simulador_full_openglv.3/CMakeFiles/CMakeTmp

Run Build Command:/usr/bin/make "cmTryCompileExec1655947380/fast"
/usr/bin/make -f CMakeFiles/cmTryCompileExec1655947380.dir/build.make CMakeFiles/cmTryCompileExec1655947380.dir/build
make[1]: Entering directory `/home/david/Dropbox/Tesis/3DLuis/simulador_DDR_NO_SHADERS/simulador_full_openglv.3/CMakeFiles/CMakeTmp'
/usr/bin/cmake -E cmake_progress_report /home/david/Dropbox/Tesis/3DLuis/simulador_DDR_NO_SHADERS/simulador_full_openglv.3/CMakeFiles/CMakeTmp/CMakeFiles 1
Building C object CMakeFiles/cmTryCompileExec1655947380.dir/CheckFunctionExists.c.o
/usr/bin/cc   -DCHECK_FUNCTION_EXISTS=remove   -o CMakeFiles/cmTryCompileExec1655947380.dir/CheckFunctionExists.c.o   -c /usr/share/cmake-2.8/Modules/CheckFunctionExists.c
Linking C executable cmTryCompileExec1655947380
/usr/bin/cmake -E cmake_link_script CMakeFiles/cmTryCompileExec1655947380.dir/link.txt --verbose=1
/usr/bin/cc     -DCHECK_FUNCTION_EXISTS=remove    CMakeFiles/cmTryCompileExec1655947380.dir/CheckFunctionExists.c.o  -o cmTryCompileExec1655947380 -rdynamic 
make[1]: Leaving directory `/home/david/Dropbox/Tesis/3DLuis/simulador_DDR_NO_SHADERS/simulador_full_openglv.3/CMakeFiles/CMakeTmp'


Determining if the function shmat exists passed with the following output:
Change Dir: /home/david/Dropbox/Tesis/3DLuis/simulador_DDR_NO_SHADERS/simulador_full_openglv.3/CMakeFiles/CMakeTmp

Run Build Command:/usr/bin/make "cmTryCompileExec1276753735/fast"
/usr/bin/make -f CMakeFiles/cmTryCompileExec1276753735.dir/build.make CMakeFiles/cmTryCompileExec1276753735.dir/build
make[1]: Entering directory `/home/david/Dropbox/Tesis/3DLuis/simulador_DDR_NO_SHADERS/simulador_full_openglv.3/CMakeFiles/CMakeTmp'
/usr/bin/cmake -E cmake_progress_report /home/david/Dropbox/Tesis/3DLuis/simulador_DDR_NO_SHADERS/simulador_full_openglv.3/CMakeFiles/CMakeTmp/CMakeFiles 1
Building C object CMakeFiles/cmTryCompileExec1276753735.dir/CheckFunctionExists.c.o
/usr/bin/cc   -DCHECK_FUNCTION_EXISTS=shmat   -o CMakeFiles/cmTryCompileExec1276753735.dir/CheckFunctionExists.c.o   -c /usr/share/cmake-2.8/Modules/CheckFunctionExists.c
Linking C executable cmTryCompileExec1276753735
/usr/bin/cmake -E cmake_link_script CMakeFiles/cmTryCompileExec1276753735.dir/link.txt --verbose=1
/usr/bin/cc     -DCHECK_FUNCTION_EXISTS=shmat    CMakeFiles/cmTryCompileExec1276753735.dir/CheckFunctionExists.c.o  -o cmTryCompileExec1276753735 -rdynamic 
make[1]: Leaving directory `/home/david/Dropbox/Tesis/3DLuis/simulador_DDR_NO_SHADERS/simulador_full_openglv.3/CMakeFiles/CMakeTmp'


Determining if the function IceConnectionNumber exists in the ICE passed with the following output:
Change Dir: /home/david/Dropbox/Tesis/3DLuis/simulador_DDR_NO_SHADERS/simulador_full_openglv.3/CMakeFiles/CMakeTmp

Run Build Command:/usr/bin/make "cmTryCompileExec2932150369/fast"
/usr/bin/make -f CMakeFiles/cmTryCompileExec2932150369.dir/build.make CMakeFiles/cmTryCompileExec2932150369.dir/build
make[1]: Entering directory `/home/david/Dropbox/Tesis/3DLuis/simulador_DDR_NO_SHADERS/simulador_full_openglv.3/CMakeFiles/CMakeTmp'
/usr/bin/cmake -E cmake_progress_report /home/david/Dropbox/Tesis/3DLuis/simulador_DDR_NO_SHADERS/simulador_full_openglv.3/CMakeFiles/CMakeTmp/CMakeFiles 1
Building C object CMakeFiles/cmTryCompileExec2932150369.dir/CheckFunctionExists.c.o
/usr/bin/cc   -DCHECK_FUNCTION_EXISTS=IceConnectionNumber   -o CMakeFiles/cmTryCompileExec2932150369.dir/CheckFunctionExists.c.o   -c /usr/share/cmake-2.8/Modules/CheckFunctionExists.c
Linking C executable cmTryCompileExec2932150369
/usr/bin/cmake -E cmake_link_script CMakeFiles/cmTryCompileExec2932150369.dir/link.txt --verbose=1
/usr/bin/cc     -DCHECK_FUNCTION_EXISTS=IceConnectionNumber    CMakeFiles/cmTryCompileExec2932150369.dir/CheckFunctionExists.c.o  -o cmTryCompileExec2932150369 -rdynamic -lICE 
make[1]: Leaving directory `/home/david/Dropbox/Tesis/3DLuis/simulador_DDR_NO_SHADERS/simulador_full_openglv.3/CMakeFiles/CMakeTmp'


Determining if files pthread.h exist passed with the following output:
Change Dir: /home/david/Dropbox/Tesis/3DLuis/simulador_DDR_NO_SHADERS/simulador_full_openglv.3/CMakeFiles/CMakeTmp

Run Build Command:/usr/bin/make "cmTryCompileExec1198299620/fast"
/usr/bin/make -f CMakeFiles/cmTryCompileExec1198299620.dir/build.make CMakeFiles/cmTryCompileExec1198299620.dir/build
make[1]: Entering directory `/home/david/Dropbox/Tesis/3DLuis/simulador_DDR_NO_SHADERS/simulador_full_openglv.3/CMakeFiles/CMakeTmp'
/usr/bin/cmake -E cmake_progress_report /home/david/Dropbox/Tesis/3DLuis/simulador_DDR_NO_SHADERS/simulador_full_openglv.3/CMakeFiles/CMakeTmp/CMakeFiles 1
Building C object CMakeFiles/cmTryCompileExec1198299620.dir/CheckIncludeFiles.c.o
/usr/bin/cc    -o CMakeFiles/cmTryCompileExec1198299620.dir/CheckIncludeFiles.c.o   -c /home/david/Dropbox/Tesis/3DLuis/simulador_DDR_NO_SHADERS/simulador_full_openglv.3/CMakeFiles/CMakeTmp/CheckIncludeFiles.c
Linking C executable cmTryCompileExec1198299620
/usr/bin/cmake -E cmake_link_script CMakeFiles/cmTryCompileExec1198299620.dir/link.txt --verbose=1
/usr/bin/cc         CMakeFiles/cmTryCompileExec1198299620.dir/CheckIncludeFiles.c.o  -o cmTryCompileExec1198299620 -rdynamic 
make[1]: Leaving directory `/home/david/Dropbox/Tesis/3DLuis/simulador_DDR_NO_SHADERS/simulador_full_openglv.3/CMakeFiles/CMakeTmp'


Determining if the function pthread_create exists in the pthread passed with the following output:
Change Dir: /home/david/Dropbox/Tesis/3DLuis/simulador_DDR_NO_SHADERS/simulador_full_openglv.3/CMakeFiles/CMakeTmp

Run Build Command:/usr/bin/make "cmTryCompileExec3466311326/fast"
/usr/bin/make -f CMakeFiles/cmTryCompileExec3466311326.dir/build.make CMakeFiles/cmTryCompileExec3466311326.dir/build
make[1]: Entering directory `/home/david/Dropbox/Tesis/3DLuis/simulador_DDR_NO_SHADERS/simulador_full_openglv.3/CMakeFiles/CMakeTmp'
/usr/bin/cmake -E cmake_progress_report /home/david/Dropbox/Tesis/3DLuis/simulador_DDR_NO_SHADERS/simulador_full_openglv.3/CMakeFiles/CMakeTmp/CMakeFiles 1
Building C object CMakeFiles/cmTryCompileExec3466311326.dir/CheckFunctionExists.c.o
/usr/bin/cc   -DCHECK_FUNCTION_EXISTS=pthread_create   -o CMakeFiles/cmTryCompileExec3466311326.dir/CheckFunctionExists.c.o   -c /usr/share/cmake-2.8/Modules/CheckFunctionExists.c
Linking C executable cmTryCompileExec3466311326
/usr/bin/cmake -E cmake_link_script CMakeFiles/cmTryCompileExec3466311326.dir/link.txt --verbose=1
/usr/bin/cc     -DCHECK_FUNCTION_EXISTS=pthread_create    CMakeFiles/cmTryCompileExec3466311326.dir/CheckFunctionExists.c.o  -o cmTryCompileExec3466311326 -rdynamic -lpthread 
make[1]: Leaving directory `/home/david/Dropbox/Tesis/3DLuis/simulador_DDR_NO_SHADERS/simulador_full_openglv.3/CMakeFiles/CMakeTmp'


Determining if the function XOpenDisplay exists in the /usr/lib/i386-linux-gnu/libX11.so;/usr/lib/i386-linux-gnu/libXext.so passed with the following output:
Change Dir: /home/david/Dropbox/Tesis/3DLuis/simulador_DDR_NO_SHADERS/simulador_full_openglv.4/CMakeFiles/CMakeTmp

Run Build Command:/usr/bin/make "cmTryCompileExec4276641236/fast"
/usr/bin/make -f CMakeFiles/cmTryCompileExec4276641236.dir/build.make CMakeFiles/cmTryCompileExec4276641236.dir/build
make[1]: Entering directory `/home/david/Dropbox/Tesis/3DLuis/simulador_DDR_NO_SHADERS/simulador_full_openglv.4/CMakeFiles/CMakeTmp'
/usr/bin/cmake -E cmake_progress_report /home/david/Dropbox/Tesis/3DLuis/simulador_DDR_NO_SHADERS/simulador_full_openglv.4/CMakeFiles/CMakeTmp/CMakeFiles 1
Building C object CMakeFiles/cmTryCompileExec4276641236.dir/CheckFunctionExists.c.o
/usr/bin/cc   -DCHECK_FUNCTION_EXISTS=XOpenDisplay   -o CMakeFiles/cmTryCompileExec4276641236.dir/CheckFunctionExists.c.o   -c /usr/share/cmake-2.8/Modules/CheckFunctionExists.c
Linking C executable cmTryCompileExec4276641236
/usr/bin/cmake -E cmake_link_script CMakeFiles/cmTryCompileExec4276641236.dir/link.txt --verbose=1
/usr/bin/cc     -DCHECK_FUNCTION_EXISTS=XOpenDisplay    CMakeFiles/cmTryCompileExec4276641236.dir/CheckFunctionExists.c.o  -o cmTryCompileExec4276641236 -rdynamic -lX11 -lXext 
make[1]: Leaving directory `/home/david/Dropbox/Tesis/3DLuis/simulador_DDR_NO_SHADERS/simulador_full_openglv.4/CMakeFiles/CMakeTmp'


Determining if the function gethostbyname exists passed with the following output:
Change Dir: /home/david/Dropbox/Tesis/3DLuis/simulador_DDR_NO_SHADERS/simulador_full_openglv.4/CMakeFiles/CMakeTmp

Run Build Command:/usr/bin/make "cmTryCompileExec1328583943/fast"
/usr/bin/make -f CMakeFiles/cmTryCompileExec1328583943.dir/build.make CMakeFiles/cmTryCompileExec1328583943.dir/build
make[1]: Entering directory `/home/david/Dropbox/Tesis/3DLuis/simulador_DDR_NO_SHADERS/simulador_full_openglv.4/CMakeFiles/CMakeTmp'
/usr/bin/cmake -E cmake_progress_report /home/david/Dropbox/Tesis/3DLuis/simulador_DDR_NO_SHADERS/simulador_full_openglv.4/CMakeFiles/CMakeTmp/CMakeFiles 1
Building C object CMakeFiles/cmTryCompileExec1328583943.dir/CheckFunctionExists.c.o
/usr/bin/cc   -DCHECK_FUNCTION_EXISTS=gethostbyname   -o CMakeFiles/cmTryCompileExec1328583943.dir/CheckFunctionExists.c.o   -c /usr/share/cmake-2.8/Modules/CheckFunctionExists.c
Linking C executable cmTryCompileExec1328583943
/usr/bin/cmake -E cmake_link_script CMakeFiles/cmTryCompileExec1328583943.dir/link.txt --verbose=1
/usr/bin/cc     -DCHECK_FUNCTION_EXISTS=gethostbyname    CMakeFiles/cmTryCompileExec1328583943.dir/CheckFunctionExists.c.o  -o cmTryCompileExec1328583943 -rdynamic 
make[1]: Leaving directory `/home/david/Dropbox/Tesis/3DLuis/simulador_DDR_NO_SHADERS/simulador_full_openglv.4/CMakeFiles/CMakeTmp'


Determining if the function connect exists passed with the following output:
Change Dir: /home/david/Dropbox/Tesis/3DLuis/simulador_DDR_NO_SHADERS/simulador_full_openglv.4/CMakeFiles/CMakeTmp

Run Build Command:/usr/bin/make "cmTryCompileExec3777331791/fast"
/usr/bin/make -f CMakeFiles/cmTryCompileExec3777331791.dir/build.make CMakeFiles/cmTryCompileExec3777331791.dir/build
make[1]: Entering directory `/home/david/Dropbox/Tesis/3DLuis/simulador_DDR_NO_SHADERS/simulador_full_openglv.4/CMakeFiles/CMakeTmp'
/usr/bin/cmake -E cmake_progress_report /home/david/Dropbox/Tesis/3DLuis/simulador_DDR_NO_SHADERS/simulador_full_openglv.4/CMakeFiles/CMakeTmp/CMakeFiles 1
Building C object CMakeFiles/cmTryCompileExec3777331791.dir/CheckFunctionExists.c.o
/usr/bin/cc   -DCHECK_FUNCTION_EXISTS=connect   -o CMakeFiles/cmTryCompileExec3777331791.dir/CheckFunctionExists.c.o   -c /usr/share/cmake-2.8/Modules/CheckFunctionExists.c
Linking C executable cmTryCompileExec3777331791
/usr/bin/cmake -E cmake_link_script CMakeFiles/cmTryCompileExec3777331791.dir/link.txt --verbose=1
/usr/bin/cc     -DCHECK_FUNCTION_EXISTS=connect    CMakeFiles/cmTryCompileExec3777331791.dir/CheckFunctionExists.c.o  -o cmTryCompileExec3777331791 -rdynamic 
make[1]: Leaving directory `/home/david/Dropbox/Tesis/3DLuis/simulador_DDR_NO_SHADERS/simulador_full_openglv.4/CMakeFiles/CMakeTmp'


Determining if the function remove exists passed with the following output:
Change Dir: /home/david/Dropbox/Tesis/3DLuis/simulador_DDR_NO_SHADERS/simulador_full_openglv.4/CMakeFiles/CMakeTmp

Run Build Command:/usr/bin/make "cmTryCompileExec3816319581/fast"
/usr/bin/make -f CMakeFiles/cmTryCompileExec3816319581.dir/build.make CMakeFiles/cmTryCompileExec3816319581.dir/build
make[1]: Entering directory `/home/david/Dropbox/Tesis/3DLuis/simulador_DDR_NO_SHADERS/simulador_full_openglv.4/CMakeFiles/CMakeTmp'
/usr/bin/cmake -E cmake_progress_report /home/david/Dropbox/Tesis/3DLuis/simulador_DDR_NO_SHADERS/simulador_full_openglv.4/CMakeFiles/CMakeTmp/CMakeFiles 1
Building C object CMakeFiles/cmTryCompileExec3816319581.dir/CheckFunctionExists.c.o
/usr/bin/cc   -DCHECK_FUNCTION_EXISTS=remove   -o CMakeFiles/cmTryCompileExec3816319581.dir/CheckFunctionExists.c.o   -c /usr/share/cmake-2.8/Modules/CheckFunctionExists.c
Linking C executable cmTryCompileExec3816319581
/usr/bin/cmake -E cmake_link_script CMakeFiles/cmTryCompileExec3816319581.dir/link.txt --verbose=1
/usr/bin/cc     -DCHECK_FUNCTION_EXISTS=remove    CMakeFiles/cmTryCompileExec3816319581.dir/CheckFunctionExists.c.o  -o cmTryCompileExec3816319581 -rdynamic 
make[1]: Leaving directory `/home/david/Dropbox/Tesis/3DLuis/simulador_DDR_NO_SHADERS/simulador_full_openglv.4/CMakeFiles/CMakeTmp'


Determining if the function shmat exists passed with the following output:
Change Dir: /home/david/Dropbox/Tesis/3DLuis/simulador_DDR_NO_SHADERS/simulador_full_openglv.4/CMakeFiles/CMakeTmp

Run Build Command:/usr/bin/make "cmTryCompileExec4107371845/fast"
/usr/bin/make -f CMakeFiles/cmTryCompileExec4107371845.dir/build.make CMakeFiles/cmTryCompileExec4107371845.dir/build
make[1]: Entering directory `/home/david/Dropbox/Tesis/3DLuis/simulador_DDR_NO_SHADERS/simulador_full_openglv.4/CMakeFiles/CMakeTmp'
/usr/bin/cmake -E cmake_progress_report /home/david/Dropbox/Tesis/3DLuis/simulador_DDR_NO_SHADERS/simulador_full_openglv.4/CMakeFiles/CMakeTmp/CMakeFiles 1
Building C object CMakeFiles/cmTryCompileExec4107371845.dir/CheckFunctionExists.c.o
/usr/bin/cc   -DCHECK_FUNCTION_EXISTS=shmat   -o CMakeFiles/cmTryCompileExec4107371845.dir/CheckFunctionExists.c.o   -c /usr/share/cmake-2.8/Modules/CheckFunctionExists.c
Linking C executable cmTryCompileExec4107371845
/usr/bin/cmake -E cmake_link_script CMakeFiles/cmTryCompileExec4107371845.dir/link.txt --verbose=1
/usr/bin/cc     -DCHECK_FUNCTION_EXISTS=shmat    CMakeFiles/cmTryCompileExec4107371845.dir/CheckFunctionExists.c.o  -o cmTryCompileExec4107371845 -rdynamic 
make[1]: Leaving directory `/home/david/Dropbox/Tesis/3DLuis/simulador_DDR_NO_SHADERS/simulador_full_openglv.4/CMakeFiles/CMakeTmp'


Determining if the function IceConnectionNumber exists in the ICE passed with the following output:
Change Dir: /home/david/Dropbox/Tesis/3DLuis/simulador_DDR_NO_SHADERS/simulador_full_openglv.4/CMakeFiles/CMakeTmp

Run Build Command:/usr/bin/make "cmTryCompileExec591811122/fast"
/usr/bin/make -f CMakeFiles/cmTryCompileExec591811122.dir/build.make CMakeFiles/cmTryCompileExec591811122.dir/build
make[1]: Entering directory `/home/david/Dropbox/Tesis/3DLuis/simulador_DDR_NO_SHADERS/simulador_full_openglv.4/CMakeFiles/CMakeTmp'
/usr/bin/cmake -E cmake_progress_report /home/david/Dropbox/Tesis/3DLuis/simulador_DDR_NO_SHADERS/simulador_full_openglv.4/CMakeFiles/CMakeTmp/CMakeFiles 1
Building C object CMakeFiles/cmTryCompileExec591811122.dir/CheckFunctionExists.c.o
/usr/bin/cc   -DCHECK_FUNCTION_EXISTS=IceConnectionNumber   -o CMakeFiles/cmTryCompileExec591811122.dir/CheckFunctionExists.c.o   -c /usr/share/cmake-2.8/Modules/CheckFunctionExists.c
Linking C executable cmTryCompileExec591811122
/usr/bin/cmake -E cmake_link_script CMakeFiles/cmTryCompileExec591811122.dir/link.txt --verbose=1
/usr/bin/cc     -DCHECK_FUNCTION_EXISTS=IceConnectionNumber    CMakeFiles/cmTryCompileExec591811122.dir/CheckFunctionExists.c.o  -o cmTryCompileExec591811122 -rdynamic -lICE 
make[1]: Leaving directory `/home/david/Dropbox/Tesis/3DLuis/simulador_DDR_NO_SHADERS/simulador_full_openglv.4/CMakeFiles/CMakeTmp'


Determining if files pthread.h exist passed with the following output:
Change Dir: /home/david/Dropbox/Tesis/3DLuis/simulador_DDR_NO_SHADERS/simulador_full_openglv.4/CMakeFiles/CMakeTmp

Run Build Command:/usr/bin/make "cmTryCompileExec1598801180/fast"
/usr/bin/make -f CMakeFiles/cmTryCompileExec1598801180.dir/build.make CMakeFiles/cmTryCompileExec1598801180.dir/build
make[1]: Entering directory `/home/david/Dropbox/Tesis/3DLuis/simulador_DDR_NO_SHADERS/simulador_full_openglv.4/CMakeFiles/CMakeTmp'
/usr/bin/cmake -E cmake_progress_report /home/david/Dropbox/Tesis/3DLuis/simulador_DDR_NO_SHADERS/simulador_full_openglv.4/CMakeFiles/CMakeTmp/CMakeFiles 1
Building C object CMakeFiles/cmTryCompileExec1598801180.dir/CheckIncludeFiles.c.o
/usr/bin/cc    -o CMakeFiles/cmTryCompileExec1598801180.dir/CheckIncludeFiles.c.o   -c /home/david/Dropbox/Tesis/3DLuis/simulador_DDR_NO_SHADERS/simulador_full_openglv.4/CMakeFiles/CMakeTmp/CheckIncludeFiles.c
Linking C executable cmTryCompileExec1598801180
/usr/bin/cmake -E cmake_link_script CMakeFiles/cmTryCompileExec1598801180.dir/link.txt --verbose=1
/usr/bin/cc         CMakeFiles/cmTryCompileExec1598801180.dir/CheckIncludeFiles.c.o  -o cmTryCompileExec1598801180 -rdynamic 
make[1]: Leaving directory `/home/david/Dropbox/Tesis/3DLuis/simulador_DDR_NO_SHADERS/simulador_full_openglv.4/CMakeFiles/CMakeTmp'


Determining if the function pthread_create exists in the pthread passed with the following output:
Change Dir: /home/david/Dropbox/Tesis/3DLuis/simulador_DDR_NO_SHADERS/simulador_full_openglv.4/CMakeFiles/CMakeTmp

Run Build Command:/usr/bin/make "cmTryCompileExec2473803755/fast"
/usr/bin/make -f CMakeFiles/cmTryCompileExec2473803755.dir/build.make CMakeFiles/cmTryCompileExec2473803755.dir/build
make[1]: Entering directory `/home/david/Dropbox/Tesis/3DLuis/simulador_DDR_NO_SHADERS/simulador_full_openglv.4/CMakeFiles/CMakeTmp'
/usr/bin/cmake -E cmake_progress_report /home/david/Dropbox/Tesis/3DLuis/simulador_DDR_NO_SHADERS/simulador_full_openglv.4/CMakeFiles/CMakeTmp/CMakeFiles 1
Building C object CMakeFiles/cmTryCompileExec2473803755.dir/CheckFunctionExists.c.o
/usr/bin/cc   -DCHECK_FUNCTION_EXISTS=pthread_create   -o CMakeFiles/cmTryCompileExec2473803755.dir/CheckFunctionExists.c.o   -c /usr/share/cmake-2.8/Modules/CheckFunctionExists.c
Linking C executable cmTryCompileExec2473803755
/usr/bin/cmake -E cmake_link_script CMakeFiles/cmTryCompileExec2473803755.dir/link.txt --verbose=1
/usr/bin/cc     -DCHECK_FUNCTION_EXISTS=pthread_create    CMakeFiles/cmTryCompileExec2473803755.dir/CheckFunctionExists.c.o  -o cmTryCompileExec2473803755 -rdynamic -lpthread 
make[1]: Leaving directory `/home/david/Dropbox/Tesis/3DLuis/simulador_DDR_NO_SHADERS/simulador_full_openglv.4/CMakeFiles/CMakeTmp'


Determining if the function XOpenDisplay exists in the /usr/lib/i386-linux-gnu/libX11.so;/usr/lib/i386-linux-gnu/libXext.so passed with the following output:
Change Dir: /home/david/Dropbox/Tesis/3DLuis/simulador_DDR_NO_SHADERS/simulador_full_openglv.4/CMakeFiles/CMakeTmp

Run Build Command:/usr/bin/make "cmTryCompileExec3190614713/fast"
/usr/bin/make -f CMakeFiles/cmTryCompileExec3190614713.dir/build.make CMakeFiles/cmTryCompileExec3190614713.dir/build
make[1]: Entering directory `/home/david/Dropbox/Tesis/3DLuis/simulador_DDR_NO_SHADERS/simulador_full_openglv.4/CMakeFiles/CMakeTmp'
/usr/bin/cmake -E cmake_progress_report /home/david/Dropbox/Tesis/3DLuis/simulador_DDR_NO_SHADERS/simulador_full_openglv.4/CMakeFiles/CMakeTmp/CMakeFiles 1
Building C object CMakeFiles/cmTryCompileExec3190614713.dir/CheckFunctionExists.c.o
/usr/bin/cc   -DCHECK_FUNCTION_EXISTS=XOpenDisplay   -o CMakeFiles/cmTryCompileExec3190614713.dir/CheckFunctionExists.c.o   -c /usr/share/cmake-2.8/Modules/CheckFunctionExists.c
Linking C executable cmTryCompileExec3190614713
/usr/bin/cmake -E cmake_link_script CMakeFiles/cmTryCompileExec3190614713.dir/link.txt --verbose=1
/usr/bin/cc     -DCHECK_FUNCTION_EXISTS=XOpenDisplay    CMakeFiles/cmTryCompileExec3190614713.dir/CheckFunctionExists.c.o  -o cmTryCompileExec3190614713 -rdynamic -lX11 -lXext 
make[1]: Leaving directory `/home/david/Dropbox/Tesis/3DLuis/simulador_DDR_NO_SHADERS/simulador_full_openglv.4/CMakeFiles/CMakeTmp'


Determining if the function gethostbyname exists passed with the following output:
Change Dir: /home/david/Dropbox/Tesis/3DLuis/simulador_DDR_NO_SHADERS/simulador_full_openglv.4/CMakeFiles/CMakeTmp

Run Build Command:/usr/bin/make "cmTryCompileExec4025026806/fast"
/usr/bin/make -f CMakeFiles/cmTryCompileExec4025026806.dir/build.make CMakeFiles/cmTryCompileExec4025026806.dir/build
make[1]: Entering directory `/home/david/Dropbox/Tesis/3DLuis/simulador_DDR_NO_SHADERS/simulador_full_openglv.4/CMakeFiles/CMakeTmp'
/usr/bin/cmake -E cmake_progress_report /home/david/Dropbox/Tesis/3DLuis/simulador_DDR_NO_SHADERS/simulador_full_openglv.4/CMakeFiles/CMakeTmp/CMakeFiles 1
Building C object CMakeFiles/cmTryCompileExec4025026806.dir/CheckFunctionExists.c.o
/usr/bin/cc   -DCHECK_FUNCTION_EXISTS=gethostbyname   -o CMakeFiles/cmTryCompileExec4025026806.dir/CheckFunctionExists.c.o   -c /usr/share/cmake-2.8/Modules/CheckFunctionExists.c
Linking C executable cmTryCompileExec4025026806
/usr/bin/cmake -E cmake_link_script CMakeFiles/cmTryCompileExec4025026806.dir/link.txt --verbose=1
/usr/bin/cc     -DCHECK_FUNCTION_EXISTS=gethostbyname    CMakeFiles/cmTryCompileExec4025026806.dir/CheckFunctionExists.c.o  -o cmTryCompileExec4025026806 -rdynamic 
make[1]: Leaving directory `/home/david/Dropbox/Tesis/3DLuis/simulador_DDR_NO_SHADERS/simulador_full_openglv.4/CMakeFiles/CMakeTmp'


Determining if the function connect exists passed with the following output:
Change Dir: /home/david/Dropbox/Tesis/3DLuis/simulador_DDR_NO_SHADERS/simulador_full_openglv.4/CMakeFiles/CMakeTmp

Run Build Command:/usr/bin/make "cmTryCompileExec2579952724/fast"
/usr/bin/make -f CMakeFiles/cmTryCompileExec2579952724.dir/build.make CMakeFiles/cmTryCompileExec2579952724.dir/build
make[1]: Entering directory `/home/david/Dropbox/Tesis/3DLuis/simulador_DDR_NO_SHADERS/simulador_full_openglv.4/CMakeFiles/CMakeTmp'
/usr/bin/cmake -E cmake_progress_report /home/david/Dropbox/Tesis/3DLuis/simulador_DDR_NO_SHADERS/simulador_full_openglv.4/CMakeFiles/CMakeTmp/CMakeFiles 1
Building C object CMakeFiles/cmTryCompileExec2579952724.dir/CheckFunctionExists.c.o
/usr/bin/cc   -DCHECK_FUNCTION_EXISTS=connect   -o CMakeFiles/cmTryCompileExec2579952724.dir/CheckFunctionExists.c.o   -c /usr/share/cmake-2.8/Modules/CheckFunctionExists.c
Linking C executable cmTryCompileExec2579952724
/usr/bin/cmake -E cmake_link_script CMakeFiles/cmTryCompileExec2579952724.dir/link.txt --verbose=1
/usr/bin/cc     -DCHECK_FUNCTION_EXISTS=connect    CMakeFiles/cmTryCompileExec2579952724.dir/CheckFunctionExists.c.o  -o cmTryCompileExec2579952724 -rdynamic 
make[1]: Leaving directory `/home/david/Dropbox/Tesis/3DLuis/simulador_DDR_NO_SHADERS/simulador_full_openglv.4/CMakeFiles/CMakeTmp'


Determining if the function remove exists passed with the following output:
Change Dir: /home/david/Dropbox/Tesis/3DLuis/simulador_DDR_NO_SHADERS/simulador_full_openglv.4/CMakeFiles/CMakeTmp

Run Build Command:/usr/bin/make "cmTryCompileExec3198894569/fast"
/usr/bin/make -f CMakeFiles/cmTryCompileExec3198894569.dir/build.make CMakeFiles/cmTryCompileExec3198894569.dir/build
make[1]: Entering directory `/home/david/Dropbox/Tesis/3DLuis/simulador_DDR_NO_SHADERS/simulador_full_openglv.4/CMakeFiles/CMakeTmp'
/usr/bin/cmake -E cmake_progress_report /home/david/Dropbox/Tesis/3DLuis/simulador_DDR_NO_SHADERS/simulador_full_openglv.4/CMakeFiles/CMakeTmp/CMakeFiles 1
Building C object CMakeFiles/cmTryCompileExec3198894569.dir/CheckFunctionExists.c.o
/usr/bin/cc   -DCHECK_FUNCTION_EXISTS=remove   -o CMakeFiles/cmTryCompileExec3198894569.dir/CheckFunctionExists.c.o   -c /usr/share/cmake-2.8/Modules/CheckFunctionExists.c
Linking C executable cmTryCompileExec3198894569
/usr/bin/cmake -E cmake_link_script CMakeFiles/cmTryCompileExec3198894569.dir/link.txt --verbose=1
/usr/bin/cc     -DCHECK_FUNCTION_EXISTS=remove    CMakeFiles/cmTryCompileExec3198894569.dir/CheckFunctionExists.c.o  -o cmTryCompileExec3198894569 -rdynamic 
make[1]: Leaving directory `/home/david/Dropbox/Tesis/3DLuis/simulador_DDR_NO_SHADERS/simulador_full_openglv.4/CMakeFiles/CMakeTmp'


Determining if the function shmat exists passed with the following output:
Change Dir: /home/david/Dropbox/Tesis/3DLuis/simulador_DDR_NO_SHADERS/simulador_full_openglv.4/CMakeFiles/CMakeTmp

Run Build Command:/usr/bin/make "cmTryCompileExec1999074192/fast"
/usr/bin/make -f CMakeFiles/cmTryCompileExec1999074192.dir/build.make CMakeFiles/cmTryCompileExec1999074192.dir/build
make[1]: Entering directory `/home/david/Dropbox/Tesis/3DLuis/simulador_DDR_NO_SHADERS/simulador_full_openglv.4/CMakeFiles/CMakeTmp'
/usr/bin/cmake -E cmake_progress_report /home/david/Dropbox/Tesis/3DLuis/simulador_DDR_NO_SHADERS/simulador_full_openglv.4/CMakeFiles/CMakeTmp/CMakeFiles 1
Building C object CMakeFiles/cmTryCompileExec1999074192.dir/CheckFunctionExists.c.o
/usr/bin/cc   -DCHECK_FUNCTION_EXISTS=shmat   -o CMakeFiles/cmTryCompileExec1999074192.dir/CheckFunctionExists.c.o   -c /usr/share/cmake-2.8/Modules/CheckFunctionExists.c
Linking C executable cmTryCompileExec1999074192
/usr/bin/cmake -E cmake_link_script CMakeFiles/cmTryCompileExec1999074192.dir/link.txt --verbose=1
/usr/bin/cc     -DCHECK_FUNCTION_EXISTS=shmat    CMakeFiles/cmTryCompileExec1999074192.dir/CheckFunctionExists.c.o  -o cmTryCompileExec1999074192 -rdynamic 
make[1]: Leaving directory `/home/david/Dropbox/Tesis/3DLuis/simulador_DDR_NO_SHADERS/simulador_full_openglv.4/CMakeFiles/CMakeTmp'


Determining if the function IceConnectionNumber exists in the ICE passed with the following output:
Change Dir: /home/david/Dropbox/Tesis/3DLuis/simulador_DDR_NO_SHADERS/simulador_full_openglv.4/CMakeFiles/CMakeTmp

Run Build Command:/usr/bin/make "cmTryCompileExec1778299937/fast"
/usr/bin/make -f CMakeFiles/cmTryCompileExec1778299937.dir/build.make CMakeFiles/cmTryCompileExec1778299937.dir/build
make[1]: Entering directory `/home/david/Dropbox/Tesis/3DLuis/simulador_DDR_NO_SHADERS/simulador_full_openglv.4/CMakeFiles/CMakeTmp'
/usr/bin/cmake -E cmake_progress_report /home/david/Dropbox/Tesis/3DLuis/simulador_DDR_NO_SHADERS/simulador_full_openglv.4/CMakeFiles/CMakeTmp/CMakeFiles 1
Building C object CMakeFiles/cmTryCompileExec1778299937.dir/CheckFunctionExists.c.o
/usr/bin/cc   -DCHECK_FUNCTION_EXISTS=IceConnectionNumber   -o CMakeFiles/cmTryCompileExec1778299937.dir/CheckFunctionExists.c.o   -c /usr/share/cmake-2.8/Modules/CheckFunctionExists.c
Linking C executable cmTryCompileExec1778299937
/usr/bin/cmake -E cmake_link_script CMakeFiles/cmTryCompileExec1778299937.dir/link.txt --verbose=1
/usr/bin/cc     -DCHECK_FUNCTION_EXISTS=IceConnectionNumber    CMakeFiles/cmTryCompileExec1778299937.dir/CheckFunctionExists.c.o  -o cmTryCompileExec1778299937 -rdynamic -lICE 
make[1]: Leaving directory `/home/david/Dropbox/Tesis/3DLuis/simulador_DDR_NO_SHADERS/simulador_full_openglv.4/CMakeFiles/CMakeTmp'


Determining if files pthread.h exist passed with the following output:
Change Dir: /home/david/Dropbox/Tesis/3DLuis/simulador_DDR_NO_SHADERS/simulador_full_openglv.4/CMakeFiles/CMakeTmp

Run Build Command:/usr/bin/make "cmTryCompileExec3579978081/fast"
/usr/bin/make -f CMakeFiles/cmTryCompileExec3579978081.dir/build.make CMakeFiles/cmTryCompileExec3579978081.dir/build
make[1]: Entering directory `/home/david/Dropbox/Tesis/3DLuis/simulador_DDR_NO_SHADERS/simulador_full_openglv.4/CMakeFiles/CMakeTmp'
/usr/bin/cmake -E cmake_progress_report /home/david/Dropbox/Tesis/3DLuis/simulador_DDR_NO_SHADERS/simulador_full_openglv.4/CMakeFiles/CMakeTmp/CMakeFiles 1
Building C object CMakeFiles/cmTryCompileExec3579978081.dir/CheckIncludeFiles.c.o
/usr/bin/cc    -o CMakeFiles/cmTryCompileExec3579978081.dir/CheckIncludeFiles.c.o   -c /home/david/Dropbox/Tesis/3DLuis/simulador_DDR_NO_SHADERS/simulador_full_openglv.4/CMakeFiles/CMakeTmp/CheckIncludeFiles.c
Linking C executable cmTryCompileExec3579978081
/usr/bin/cmake -E cmake_link_script CMakeFiles/cmTryCompileExec3579978081.dir/link.txt --verbose=1
/usr/bin/cc         CMakeFiles/cmTryCompileExec3579978081.dir/CheckIncludeFiles.c.o  -o cmTryCompileExec3579978081 -rdynamic 
make[1]: Leaving directory `/home/david/Dropbox/Tesis/3DLuis/simulador_DDR_NO_SHADERS/simulador_full_openglv.4/CMakeFiles/CMakeTmp'


Determining if the function pthread_create exists in the pthread passed with the following output:
Change Dir: /home/david/Dropbox/Tesis/3DLuis/simulador_DDR_NO_SHADERS/simulador_full_openglv.4/CMakeFiles/CMakeTmp

Run Build Command:/usr/bin/make "cmTryCompileExec421006320/fast"
/usr/bin/make -f CMakeFiles/cmTryCompileExec421006320.dir/build.make CMakeFiles/cmTryCompileExec421006320.dir/build
make[1]: Entering directory `/home/david/Dropbox/Tesis/3DLuis/simulador_DDR_NO_SHADERS/simulador_full_openglv.4/CMakeFiles/CMakeTmp'
/usr/bin/cmake -E cmake_progress_report /home/david/Dropbox/Tesis/3DLuis/simulador_DDR_NO_SHADERS/simulador_full_openglv.4/CMakeFiles/CMakeTmp/CMakeFiles 1
Building C object CMakeFiles/cmTryCompileExec421006320.dir/CheckFunctionExists.c.o
/usr/bin/cc   -DCHECK_FUNCTION_EXISTS=pthread_create   -o CMakeFiles/cmTryCompileExec421006320.dir/CheckFunctionExists.c.o   -c /usr/share/cmake-2.8/Modules/CheckFunctionExists.c
Linking C executable cmTryCompileExec421006320
/usr/bin/cmake -E cmake_link_script CMakeFiles/cmTryCompileExec421006320.dir/link.txt --verbose=1
/usr/bin/cc     -DCHECK_FUNCTION_EXISTS=pthread_create    CMakeFiles/cmTryCompileExec421006320.dir/CheckFunctionExists.c.o  -o cmTryCompileExec421006320 -rdynamic -lpthread 
make[1]: Leaving directory `/home/david/Dropbox/Tesis/3DLuis/simulador_DDR_NO_SHADERS/simulador_full_openglv.4/CMakeFiles/CMakeTmp'


